[0.061s] Invoking command in '/home/cc/ee106a/sp26/class/ee106a-abz/ros_workspaces/lab1/build/my_chatter_msgs': CMAKE_PREFIX_PATH=${CMAKE_PREFIX_PATH}:/home/cc/ee106a/sp26/class/ee106a-abz/ros_workspaces/lab1/install/my_chatter:/home/cc/ee106a/sp26/class/ee106a-abz/ros_workspaces/lab1/install/chatter:/home/ff/ee106a/robot_workspaces/ur/install/ur7e_utils:/opt/ros/humble /usr/bin/cmake --build /home/cc/ee106a/sp26/class/ee106a-abz/ros_workspaces/lab1/build/my_chatter_msgs -- -j32 -l32
[0.181s] [  3%] Built target my_chatter_msgs__cpp
[0.187s] [ 12%] Built target my_chatter_msgs__rosidl_generator_c
[0.293s] [ 22%] Built target my_chatter_msgs__rosidl_typesupport_fastrtps_cpp
[0.303s] [ 41%] Built target my_chatter_msgs__rosidl_typesupport_introspection_cpp
[0.305s] [ 48%] Built target my_chatter_msgs__rosidl_typesupport_cpp
[0.310s] [ 61%] Built target ament_cmake_python_copy_my_chatter_msgs
[0.312s] [ 67%] Built target my_chatter_msgs__rosidl_typesupport_fastrtps_c
[0.313s] [ 67%] Built target my_chatter_msgs__rosidl_typesupport_introspection_c
[0.315s] [ 70%] Built target my_chatter_msgs__rosidl_typesupport_c
[0.350s] [ 70%] Built target my_chatter_msgs
[0.382s] [ 74%] Built target my_chatter_msgs__py
[0.427s] [ 80%] Built target my_chatter_msgs__rosidl_generator_py
[0.498s] [100%] Built target my_chatter_msgs__rosidl_typesupport_c__pyext
[0.499s] [100%] Built target my_chatter_msgs__rosidl_typesupport_fastrtps_c__pyext
[0.499s] [100%] Built target my_chatter_msgs__rosidl_typesupport_introspection_c__pyext
[0.572s] running egg_info
[0.572s] writing my_chatter_msgs.egg-info/PKG-INFO
[0.575s] writing dependency_links to my_chatter_msgs.egg-info/dependency_links.txt
[0.578s] writing top-level names to my_chatter_msgs.egg-info/top_level.txt
[0.583s] reading manifest file 'my_chatter_msgs.egg-info/SOURCES.txt'
[0.584s] writing manifest file 'my_chatter_msgs.egg-info/SOURCES.txt'
[0.616s] [100%] Built target ament_cmake_python_build_my_chatter_msgs_egg
[0.651s] Invoked command in '/home/cc/ee106a/sp26/class/ee106a-abz/ros_workspaces/lab1/build/my_chatter_msgs' returned '0': CMAKE_PREFIX_PATH=${CMAKE_PREFIX_PATH}:/home/cc/ee106a/sp26/class/ee106a-abz/ros_workspaces/lab1/install/my_chatter:/home/cc/ee106a/sp26/class/ee106a-abz/ros_workspaces/lab1/install/chatter:/home/ff/ee106a/robot_workspaces/ur/install/ur7e_utils:/opt/ros/humble /usr/bin/cmake --build /home/cc/ee106a/sp26/class/ee106a-abz/ros_workspaces/lab1/build/my_chatter_msgs -- -j32 -l32
[0.665s] Invoking command in '/home/cc/ee106a/sp26/class/ee106a-abz/ros_workspaces/lab1/build/my_chatter_msgs': CMAKE_PREFIX_PATH=${CMAKE_PREFIX_PATH}:/home/cc/ee106a/sp26/class/ee106a-abz/ros_workspaces/lab1/install/my_chatter:/home/cc/ee106a/sp26/class/ee106a-abz/ros_workspaces/lab1/install/chatter:/home/ff/ee106a/robot_workspaces/ur/install/ur7e_utils:/opt/ros/humble /usr/bin/cmake --install /home/cc/ee106a/sp26/class/ee106a-abz/ros_workspaces/lab1/build/my_chatter_msgs
[0.675s] -- Install configuration: ""
[0.676s] -- Up-to-date: /home/cc/ee106a/sp26/class/ee106a-abz/ros_workspaces/lab1/install/my_chatter_msgs/share/ament_index/resource_index/rosidl_interfaces/my_chatter_msgs
[0.677s] -- Up-to-date: /home/cc/ee106a/sp26/class/ee106a-abz/ros_workspaces/lab1/install/my_chatter_msgs/include/my_chatter_msgs/my_chatter_msgs
[0.679s] -- Up-to-date: /home/cc/ee106a/sp26/class/ee106a-abz/ros_workspaces/lab1/install/my_chatter_msgs/include/my_chatter_msgs/my_chatter_msgs/msg
[0.679s] -- Up-to-date: /home/cc/ee106a/sp26/class/ee106a-abz/ros_workspaces/lab1/install/my_chatter_msgs/include/my_chatter_msgs/my_chatter_msgs/msg/timestamp_string.h
[0.680s] -- Up-to-date: /home/cc/ee106a/sp26/class/ee106a-abz/ros_workspaces/lab1/install/my_chatter_msgs/include/my_chatter_msgs/my_chatter_msgs/msg/rosidl_generator_c__visibility_control.h
[0.681s] -- Up-to-date: /home/cc/ee106a/sp26/class/ee106a-abz/ros_workspaces/lab1/install/my_chatter_msgs/include/my_chatter_msgs/my_chatter_msgs/msg/detail
[0.683s] -- Up-to-date: /home/cc/ee106a/sp26/class/ee106a-abz/ros_workspaces/lab1/install/my_chatter_msgs/include/my_chatter_msgs/my_chatter_msgs/msg/detail/timestamp_string__functions.c
[0.683s] -- Up-to-date: /home/cc/ee106a/sp26/class/ee106a-abz/ros_workspaces/lab1/install/my_chatter_msgs/include/my_chatter_msgs/my_chatter_msgs/msg/detail/timestamp_string__functions.h
[0.684s] -- Up-to-date: /home/cc/ee106a/sp26/class/ee106a-abz/ros_workspaces/lab1/install/my_chatter_msgs/include/my_chatter_msgs/my_chatter_msgs/msg/detail/timestamp_string__struct.h
[0.685s] -- Up-to-date: /home/cc/ee106a/sp26/class/ee106a-abz/ros_workspaces/lab1/install/my_chatter_msgs/include/my_chatter_msgs/my_chatter_msgs/msg/detail/timestamp_string__type_support.h
[0.686s] -- Up-to-date: /home/cc/ee106a/sp26/class/ee106a-abz/ros_workspaces/lab1/install/my_chatter_msgs/share/my_chatter_msgs/environment/library_path.sh
[0.687s] -- Up-to-date: /home/cc/ee106a/sp26/class/ee106a-abz/ros_workspaces/lab1/install/my_chatter_msgs/share/my_chatter_msgs/environment/library_path.dsv
[0.689s] -- Up-to-date: /home/cc/ee106a/sp26/class/ee106a-abz/ros_workspaces/lab1/install/my_chatter_msgs/lib/libmy_chatter_msgs__rosidl_generator_c.so
[0.692s] -- Up-to-date: /home/cc/ee106a/sp26/class/ee106a-abz/ros_workspaces/lab1/install/my_chatter_msgs/include/my_chatter_msgs/my_chatter_msgs
[0.693s] -- Up-to-date: /home/cc/ee106a/sp26/class/ee106a-abz/ros_workspaces/lab1/install/my_chatter_msgs/include/my_chatter_msgs/my_chatter_msgs/msg
[0.694s] -- Up-to-date: /home/cc/ee106a/sp26/class/ee106a-abz/ros_workspaces/lab1/install/my_chatter_msgs/include/my_chatter_msgs/my_chatter_msgs/msg/detail
[0.696s] -- Up-to-date: /home/cc/ee106a/sp26/class/ee106a-abz/ros_workspaces/lab1/install/my_chatter_msgs/include/my_chatter_msgs/my_chatter_msgs/msg/detail/timestamp_string__rosidl_typesupport_fastrtps_c.h
[0.697s] -- Up-to-date: /home/cc/ee106a/sp26/class/ee106a-abz/ros_workspaces/lab1/install/my_chatter_msgs/include/my_chatter_msgs/my_chatter_msgs/msg/rosidl_typesupport_fastrtps_c__visibility_control.h
[0.699s] -- Up-to-date: /home/cc/ee106a/sp26/class/ee106a-abz/ros_workspaces/lab1/install/my_chatter_msgs/lib/libmy_chatter_msgs__rosidl_typesupport_fastrtps_c.so
[0.703s] -- Up-to-date: /home/cc/ee106a/sp26/class/ee106a-abz/ros_workspaces/lab1/install/my_chatter_msgs/include/my_chatter_msgs/my_chatter_msgs
[0.704s] -- Up-to-date: /home/cc/ee106a/sp26/class/ee106a-abz/ros_workspaces/lab1/install/my_chatter_msgs/include/my_chatter_msgs/my_chatter_msgs/msg
[0.705s] -- Up-to-date: /home/cc/ee106a/sp26/class/ee106a-abz/ros_workspaces/lab1/install/my_chatter_msgs/include/my_chatter_msgs/my_chatter_msgs/msg/detail
[0.707s] -- Up-to-date: /home/cc/ee106a/sp26/class/ee106a-abz/ros_workspaces/lab1/install/my_chatter_msgs/include/my_chatter_msgs/my_chatter_msgs/msg/detail/timestamp_string__rosidl_typesupport_introspection_c.h
[0.708s] -- Up-to-date: /home/cc/ee106a/sp26/class/ee106a-abz/ros_workspaces/lab1/install/my_chatter_msgs/include/my_chatter_msgs/my_chatter_msgs/msg/detail/timestamp_string__type_support.c
[0.708s] -- Up-to-date: /home/cc/ee106a/sp26/class/ee106a-abz/ros_workspaces/lab1/install/my_chatter_msgs/include/my_chatter_msgs/my_chatter_msgs/msg/rosidl_typesupport_introspection_c__visibility_control.h
[0.710s] -- Up-to-date: /home/cc/ee106a/sp26/class/ee106a-abz/ros_workspaces/lab1/install/my_chatter_msgs/lib/libmy_chatter_msgs__rosidl_typesupport_introspection_c.so
[0.713s] -- Up-to-date: /home/cc/ee106a/sp26/class/ee106a-abz/ros_workspaces/lab1/install/my_chatter_msgs/lib/libmy_chatter_msgs__rosidl_typesupport_c.so
[0.716s] -- Up-to-date: /home/cc/ee106a/sp26/class/ee106a-abz/ros_workspaces/lab1/install/my_chatter_msgs/include/my_chatter_msgs/my_chatter_msgs
[0.717s] -- Up-to-date: /home/cc/ee106a/sp26/class/ee106a-abz/ros_workspaces/lab1/install/my_chatter_msgs/include/my_chatter_msgs/my_chatter_msgs/msg
[0.719s] -- Up-to-date: /home/cc/ee106a/sp26/class/ee106a-abz/ros_workspaces/lab1/install/my_chatter_msgs/include/my_chatter_msgs/my_chatter_msgs/msg/timestamp_string.hpp
[0.719s] -- Up-to-date: /home/cc/ee106a/sp26/class/ee106a-abz/ros_workspaces/lab1/install/my_chatter_msgs/include/my_chatter_msgs/my_chatter_msgs/msg/rosidl_generator_cpp__visibility_control.hpp
[0.720s] -- Up-to-date: /home/cc/ee106a/sp26/class/ee106a-abz/ros_workspaces/lab1/install/my_chatter_msgs/include/my_chatter_msgs/my_chatter_msgs/msg/detail
[0.721s] -- Up-to-date: /home/cc/ee106a/sp26/class/ee106a-abz/ros_workspaces/lab1/install/my_chatter_msgs/include/my_chatter_msgs/my_chatter_msgs/msg/detail/timestamp_string__builder.hpp
[0.722s] -- Up-to-date: /home/cc/ee106a/sp26/class/ee106a-abz/ros_workspaces/lab1/install/my_chatter_msgs/include/my_chatter_msgs/my_chatter_msgs/msg/detail/timestamp_string__struct.hpp
[0.723s] -- Up-to-date: /home/cc/ee106a/sp26/class/ee106a-abz/ros_workspaces/lab1/install/my_chatter_msgs/include/my_chatter_msgs/my_chatter_msgs/msg/detail/timestamp_string__traits.hpp
[0.723s] -- Up-to-date: /home/cc/ee106a/sp26/class/ee106a-abz/ros_workspaces/lab1/install/my_chatter_msgs/include/my_chatter_msgs/my_chatter_msgs/msg/detail/timestamp_string__type_support.hpp
[0.724s] -- Up-to-date: /home/cc/ee106a/sp26/class/ee106a-abz/ros_workspaces/lab1/install/my_chatter_msgs/include/my_chatter_msgs/my_chatter_msgs
[0.725s] -- Up-to-date: /home/cc/ee106a/sp26/class/ee106a-abz/ros_workspaces/lab1/install/my_chatter_msgs/include/my_chatter_msgs/my_chatter_msgs/msg
[0.727s] -- Up-to-date: /home/cc/ee106a/sp26/class/ee106a-abz/ros_workspaces/lab1/install/my_chatter_msgs/include/my_chatter_msgs/my_chatter_msgs/msg/detail
[0.728s] -- Up-to-date: /home/cc/ee106a/sp26/class/ee106a-abz/ros_workspaces/lab1/install/my_chatter_msgs/include/my_chatter_msgs/my_chatter_msgs/msg/detail/timestamp_string__rosidl_typesupport_fastrtps_cpp.hpp
[0.728s] -- Up-to-date: /home/cc/ee106a/sp26/class/ee106a-abz/ros_workspaces/lab1/install/my_chatter_msgs/include/my_chatter_msgs/my_chatter_msgs/msg/detail/dds_fastrtps
[0.730s] -- Up-to-date: /home/cc/ee106a/sp26/class/ee106a-abz/ros_workspaces/lab1/install/my_chatter_msgs/include/my_chatter_msgs/my_chatter_msgs/msg/rosidl_typesupport_fastrtps_cpp__visibility_control.h
[0.733s] -- Up-to-date: /home/cc/ee106a/sp26/class/ee106a-abz/ros_workspaces/lab1/install/my_chatter_msgs/lib/libmy_chatter_msgs__rosidl_typesupport_fastrtps_cpp.so
[0.736s] -- Up-to-date: /home/cc/ee106a/sp26/class/ee106a-abz/ros_workspaces/lab1/install/my_chatter_msgs/include/my_chatter_msgs/my_chatter_msgs
[0.737s] -- Up-to-date: /home/cc/ee106a/sp26/class/ee106a-abz/ros_workspaces/lab1/install/my_chatter_msgs/include/my_chatter_msgs/my_chatter_msgs/msg
[0.739s] -- Up-to-date: /home/cc/ee106a/sp26/class/ee106a-abz/ros_workspaces/lab1/install/my_chatter_msgs/include/my_chatter_msgs/my_chatter_msgs/msg/detail
[0.740s] -- Up-to-date: /home/cc/ee106a/sp26/class/ee106a-abz/ros_workspaces/lab1/install/my_chatter_msgs/include/my_chatter_msgs/my_chatter_msgs/msg/detail/timestamp_string__rosidl_typesupport_introspection_cpp.hpp
[0.741s] -- Up-to-date: /home/cc/ee106a/sp26/class/ee106a-abz/ros_workspaces/lab1/install/my_chatter_msgs/include/my_chatter_msgs/my_chatter_msgs/msg/detail/timestamp_string__type_support.cpp
[0.743s] -- Up-to-date: /home/cc/ee106a/sp26/class/ee106a-abz/ros_workspaces/lab1/install/my_chatter_msgs/lib/libmy_chatter_msgs__rosidl_typesupport_introspection_cpp.so
[0.748s] -- Up-to-date: /home/cc/ee106a/sp26/class/ee106a-abz/ros_workspaces/lab1/install/my_chatter_msgs/lib/libmy_chatter_msgs__rosidl_typesupport_cpp.so
[0.756s] -- Up-to-date: /home/cc/ee106a/sp26/class/ee106a-abz/ros_workspaces/lab1/install/my_chatter_msgs/share/my_chatter_msgs/environment/pythonpath.sh
[0.756s] -- Up-to-date: /home/cc/ee106a/sp26/class/ee106a-abz/ros_workspaces/lab1/install/my_chatter_msgs/share/my_chatter_msgs/environment/pythonpath.dsv
[0.756s] -- Up-to-date: /home/cc/ee106a/sp26/class/ee106a-abz/ros_workspaces/lab1/install/my_chatter_msgs/local/lib/python3.10/dist-packages/my_chatter_msgs-0.0.0-py3.10.egg-info
[0.756s] -- Installing: /home/cc/ee106a/sp26/class/ee106a-abz/ros_workspaces/lab1/install/my_chatter_msgs/local/lib/python3.10/dist-packages/my_chatter_msgs-0.0.0-py3.10.egg-info/PKG-INFO
[0.761s] -- Installing: /home/cc/ee106a/sp26/class/ee106a-abz/ros_workspaces/lab1/install/my_chatter_msgs/local/lib/python3.10/dist-packages/my_chatter_msgs-0.0.0-py3.10.egg-info/dependency_links.txt
[0.767s] -- Installing: /home/cc/ee106a/sp26/class/ee106a-abz/ros_workspaces/lab1/install/my_chatter_msgs/local/lib/python3.10/dist-packages/my_chatter_msgs-0.0.0-py3.10.egg-info/top_level.txt
[0.774s] -- Installing: /home/cc/ee106a/sp26/class/ee106a-abz/ros_workspaces/lab1/install/my_chatter_msgs/local/lib/python3.10/dist-packages/my_chatter_msgs-0.0.0-py3.10.egg-info/SOURCES.txt
[0.781s] -- Up-to-date: /home/cc/ee106a/sp26/class/ee106a-abz/ros_workspaces/lab1/install/my_chatter_msgs/local/lib/python3.10/dist-packages/my_chatter_msgs
[0.782s] -- Up-to-date: /home/cc/ee106a/sp26/class/ee106a-abz/ros_workspaces/lab1/install/my_chatter_msgs/local/lib/python3.10/dist-packages/my_chatter_msgs/__init__.py
[0.783s] -- Up-to-date: /home/cc/ee106a/sp26/class/ee106a-abz/ros_workspaces/lab1/install/my_chatter_msgs/local/lib/python3.10/dist-packages/my_chatter_msgs/msg
[0.785s] -- Up-to-date: /home/cc/ee106a/sp26/class/ee106a-abz/ros_workspaces/lab1/install/my_chatter_msgs/local/lib/python3.10/dist-packages/my_chatter_msgs/msg/_timestamp_string.py
[0.785s] -- Up-to-date: /home/cc/ee106a/sp26/class/ee106a-abz/ros_workspaces/lab1/install/my_chatter_msgs/local/lib/python3.10/dist-packages/my_chatter_msgs/msg/_timestamp_string_s.c
[0.786s] -- Up-to-date: /home/cc/ee106a/sp26/class/ee106a-abz/ros_workspaces/lab1/install/my_chatter_msgs/local/lib/python3.10/dist-packages/my_chatter_msgs/msg/__init__.py
[0.787s] -- Up-to-date: /home/cc/ee106a/sp26/class/ee106a-abz/ros_workspaces/lab1/install/my_chatter_msgs/local/lib/python3.10/dist-packages/my_chatter_msgs/_my_chatter_msgs_s.ep.rosidl_typesupport_fastrtps_c.c
[0.788s] -- Up-to-date: /home/cc/ee106a/sp26/class/ee106a-abz/ros_workspaces/lab1/install/my_chatter_msgs/local/lib/python3.10/dist-packages/my_chatter_msgs/_my_chatter_msgs_s.ep.rosidl_typesupport_introspection_c.c
[0.789s] -- Up-to-date: /home/cc/ee106a/sp26/class/ee106a-abz/ros_workspaces/lab1/install/my_chatter_msgs/local/lib/python3.10/dist-packages/my_chatter_msgs/_my_chatter_msgs_s.ep.rosidl_typesupport_c.c
[0.790s] -- Up-to-date: /home/cc/ee106a/sp26/class/ee106a-abz/ros_workspaces/lab1/install/my_chatter_msgs/local/lib/python3.10/dist-packages/my_chatter_msgs/libmy_chatter_msgs__rosidl_generator_py.so
[0.790s] -- Up-to-date: /home/cc/ee106a/sp26/class/ee106a-abz/ros_workspaces/lab1/install/my_chatter_msgs/local/lib/python3.10/dist-packages/my_chatter_msgs/my_chatter_msgs_s__rosidl_typesupport_c.cpython-310-x86_64-linux-gnu.so
[0.792s] -- Up-to-date: /home/cc/ee106a/sp26/class/ee106a-abz/ros_workspaces/lab1/install/my_chatter_msgs/local/lib/python3.10/dist-packages/my_chatter_msgs/my_chatter_msgs_s__rosidl_typesupport_introspection_c.cpython-310-x86_64-linux-gnu.so
[0.793s] -- Up-to-date: /home/cc/ee106a/sp26/class/ee106a-abz/ros_workspaces/lab1/install/my_chatter_msgs/local/lib/python3.10/dist-packages/my_chatter_msgs/my_chatter_msgs_s__rosidl_typesupport_fastrtps_c.cpython-310-x86_64-linux-gnu.so
[0.839s] Listing '/home/cc/ee106a/sp26/class/ee106a-abz/ros_workspaces/lab1/install/my_chatter_msgs/local/lib/python3.10/dist-packages/my_chatter_msgs'...
[0.839s] Listing '/home/cc/ee106a/sp26/class/ee106a-abz/ros_workspaces/lab1/install/my_chatter_msgs/local/lib/python3.10/dist-packages/my_chatter_msgs/msg'...
[0.843s] -- Up-to-date: /home/cc/ee106a/sp26/class/ee106a-abz/ros_workspaces/lab1/install/my_chatter_msgs/local/lib/python3.10/dist-packages/my_chatter_msgs/my_chatter_msgs_s__rosidl_typesupport_fastrtps_c.cpython-310-x86_64-linux-gnu.so
[0.848s] -- Up-to-date: /home/cc/ee106a/sp26/class/ee106a-abz/ros_workspaces/lab1/install/my_chatter_msgs/local/lib/python3.10/dist-packages/my_chatter_msgs/my_chatter_msgs_s__rosidl_typesupport_introspection_c.cpython-310-x86_64-linux-gnu.so
[0.852s] -- Up-to-date: /home/cc/ee106a/sp26/class/ee106a-abz/ros_workspaces/lab1/install/my_chatter_msgs/local/lib/python3.10/dist-packages/my_chatter_msgs/my_chatter_msgs_s__rosidl_typesupport_c.cpython-310-x86_64-linux-gnu.so
[0.855s] -- Up-to-date: /home/cc/ee106a/sp26/class/ee106a-abz/ros_workspaces/lab1/install/my_chatter_msgs/lib/libmy_chatter_msgs__rosidl_generator_py.so
[0.858s] -- Up-to-date: /home/cc/ee106a/sp26/class/ee106a-abz/ros_workspaces/lab1/install/my_chatter_msgs/share/my_chatter_msgs/msg/TimestampString.idl
[0.859s] -- Up-to-date: /home/cc/ee106a/sp26/class/ee106a-abz/ros_workspaces/lab1/install/my_chatter_msgs/share/my_chatter_msgs/msg/TimestampString.msg
[0.860s] -- Up-to-date: /home/cc/ee106a/sp26/class/ee106a-abz/ros_workspaces/lab1/install/my_chatter_msgs/share/ament_index/resource_index/package_run_dependencies/my_chatter_msgs
[0.861s] -- Up-to-date: /home/cc/ee106a/sp26/class/ee106a-abz/ros_workspaces/lab1/install/my_chatter_msgs/share/ament_index/resource_index/parent_prefix_path/my_chatter_msgs
[0.861s] -- Up-to-date: /home/cc/ee106a/sp26/class/ee106a-abz/ros_workspaces/lab1/install/my_chatter_msgs/share/my_chatter_msgs/environment/ament_prefix_path.sh
[0.862s] -- Up-to-date: /home/cc/ee106a/sp26/class/ee106a-abz/ros_workspaces/lab1/install/my_chatter_msgs/share/my_chatter_msgs/environment/ament_prefix_path.dsv
[0.863s] -- Up-to-date: /home/cc/ee106a/sp26/class/ee106a-abz/ros_workspaces/lab1/install/my_chatter_msgs/share/my_chatter_msgs/environment/path.sh
[0.864s] -- Up-to-date: /home/cc/ee106a/sp26/class/ee106a-abz/ros_workspaces/lab1/install/my_chatter_msgs/share/my_chatter_msgs/environment/path.dsv
[0.865s] -- Up-to-date: /home/cc/ee106a/sp26/class/ee106a-abz/ros_workspaces/lab1/install/my_chatter_msgs/share/my_chatter_msgs/local_setup.bash
[0.866s] -- Up-to-date: /home/cc/ee106a/sp26/class/ee106a-abz/ros_workspaces/lab1/install/my_chatter_msgs/share/my_chatter_msgs/local_setup.sh
[0.867s] -- Up-to-date: /home/cc/ee106a/sp26/class/ee106a-abz/ros_workspaces/lab1/install/my_chatter_msgs/share/my_chatter_msgs/local_setup.zsh
[0.868s] -- Up-to-date: /home/cc/ee106a/sp26/class/ee106a-abz/ros_workspaces/lab1/install/my_chatter_msgs/share/my_chatter_msgs/local_setup.dsv
[0.869s] -- Installing: /home/cc/ee106a/sp26/class/ee106a-abz/ros_workspaces/lab1/install/my_chatter_msgs/share/my_chatter_msgs/package.dsv
[0.875s] -- Up-to-date: /home/cc/ee106a/sp26/class/ee106a-abz/ros_workspaces/lab1/install/my_chatter_msgs/share/ament_index/resource_index/packages/my_chatter_msgs
[0.879s] -- Up-to-date: /home/cc/ee106a/sp26/class/ee106a-abz/ros_workspaces/lab1/install/my_chatter_msgs/share/my_chatter_msgs/cmake/export_my_chatter_msgs__rosidl_generator_cExport.cmake
[0.880s] -- Up-to-date: /home/cc/ee106a/sp26/class/ee106a-abz/ros_workspaces/lab1/install/my_chatter_msgs/share/my_chatter_msgs/cmake/export_my_chatter_msgs__rosidl_generator_cExport-noconfig.cmake
[0.883s] -- Up-to-date: /home/cc/ee106a/sp26/class/ee106a-abz/ros_workspaces/lab1/install/my_chatter_msgs/share/my_chatter_msgs/cmake/export_my_chatter_msgs__rosidl_typesupport_fastrtps_cExport.cmake
[0.884s] -- Up-to-date: /home/cc/ee106a/sp26/class/ee106a-abz/ros_workspaces/lab1/install/my_chatter_msgs/share/my_chatter_msgs/cmake/export_my_chatter_msgs__rosidl_typesupport_fastrtps_cExport-noconfig.cmake
[0.887s] -- Up-to-date: /home/cc/ee106a/sp26/class/ee106a-abz/ros_workspaces/lab1/install/my_chatter_msgs/share/my_chatter_msgs/cmake/my_chatter_msgs__rosidl_typesupport_introspection_cExport.cmake
[0.888s] -- Up-to-date: /home/cc/ee106a/sp26/class/ee106a-abz/ros_workspaces/lab1/install/my_chatter_msgs/share/my_chatter_msgs/cmake/my_chatter_msgs__rosidl_typesupport_introspection_cExport-noconfig.cmake
[0.891s] -- Up-to-date: /home/cc/ee106a/sp26/class/ee106a-abz/ros_workspaces/lab1/install/my_chatter_msgs/share/my_chatter_msgs/cmake/my_chatter_msgs__rosidl_typesupport_cExport.cmake
[0.892s] -- Up-to-date: /home/cc/ee106a/sp26/class/ee106a-abz/ros_workspaces/lab1/install/my_chatter_msgs/share/my_chatter_msgs/cmake/my_chatter_msgs__rosidl_typesupport_cExport-noconfig.cmake
[0.894s] -- Up-to-date: /home/cc/ee106a/sp26/class/ee106a-abz/ros_workspaces/lab1/install/my_chatter_msgs/share/my_chatter_msgs/cmake/export_my_chatter_msgs__rosidl_generator_cppExport.cmake
[0.897s] -- Up-to-date: /home/cc/ee106a/sp26/class/ee106a-abz/ros_workspaces/lab1/install/my_chatter_msgs/share/my_chatter_msgs/cmake/export_my_chatter_msgs__rosidl_typesupport_fastrtps_cppExport.cmake
[0.898s] -- Up-to-date: /home/cc/ee106a/sp26/class/ee106a-abz/ros_workspaces/lab1/install/my_chatter_msgs/share/my_chatter_msgs/cmake/export_my_chatter_msgs__rosidl_typesupport_fastrtps_cppExport-noconfig.cmake
[0.901s] -- Up-to-date: /home/cc/ee106a/sp26/class/ee106a-abz/ros_workspaces/lab1/install/my_chatter_msgs/share/my_chatter_msgs/cmake/my_chatter_msgs__rosidl_typesupport_introspection_cppExport.cmake
[0.902s] -- Up-to-date: /home/cc/ee106a/sp26/class/ee106a-abz/ros_workspaces/lab1/install/my_chatter_msgs/share/my_chatter_msgs/cmake/my_chatter_msgs__rosidl_typesupport_introspection_cppExport-noconfig.cmake
[0.905s] -- Up-to-date: /home/cc/ee106a/sp26/class/ee106a-abz/ros_workspaces/lab1/install/my_chatter_msgs/share/my_chatter_msgs/cmake/my_chatter_msgs__rosidl_typesupport_cppExport.cmake
[0.906s] -- Up-to-date: /home/cc/ee106a/sp26/class/ee106a-abz/ros_workspaces/lab1/install/my_chatter_msgs/share/my_chatter_msgs/cmake/my_chatter_msgs__rosidl_typesupport_cppExport-noconfig.cmake
[0.909s] -- Up-to-date: /home/cc/ee106a/sp26/class/ee106a-abz/ros_workspaces/lab1/install/my_chatter_msgs/share/my_chatter_msgs/cmake/export_my_chatter_msgs__rosidl_generator_pyExport.cmake
[0.910s] -- Up-to-date: /home/cc/ee106a/sp26/class/ee106a-abz/ros_workspaces/lab1/install/my_chatter_msgs/share/my_chatter_msgs/cmake/export_my_chatter_msgs__rosidl_generator_pyExport-noconfig.cmake
[0.911s] -- Up-to-date: /home/cc/ee106a/sp26/class/ee106a-abz/ros_workspaces/lab1/install/my_chatter_msgs/share/my_chatter_msgs/cmake/rosidl_cmake-extras.cmake
[0.912s] -- Up-to-date: /home/cc/ee106a/sp26/class/ee106a-abz/ros_workspaces/lab1/install/my_chatter_msgs/share/my_chatter_msgs/cmake/ament_cmake_export_include_directories-extras.cmake
[0.912s] -- Up-to-date: /home/cc/ee106a/sp26/class/ee106a-abz/ros_workspaces/lab1/install/my_chatter_msgs/share/my_chatter_msgs/cmake/ament_cmake_export_libraries-extras.cmake
[0.913s] -- Up-to-date: /home/cc/ee106a/sp26/class/ee106a-abz/ros_workspaces/lab1/install/my_chatter_msgs/share/my_chatter_msgs/cmake/ament_cmake_export_targets-extras.cmake
[0.914s] -- Up-to-date: /home/cc/ee106a/sp26/class/ee106a-abz/ros_workspaces/lab1/install/my_chatter_msgs/share/my_chatter_msgs/cmake/rosidl_cmake_export_typesupport_targets-extras.cmake
[0.914s] -- Up-to-date: /home/cc/ee106a/sp26/class/ee106a-abz/ros_workspaces/lab1/install/my_chatter_msgs/share/my_chatter_msgs/cmake/ament_cmake_export_dependencies-extras.cmake
[0.915s] -- Up-to-date: /home/cc/ee106a/sp26/class/ee106a-abz/ros_workspaces/lab1/install/my_chatter_msgs/share/my_chatter_msgs/cmake/rosidl_cmake_export_typesupport_libraries-extras.cmake
[0.916s] -- Up-to-date: /home/cc/ee106a/sp26/class/ee106a-abz/ros_workspaces/lab1/install/my_chatter_msgs/share/my_chatter_msgs/cmake/my_chatter_msgsConfig.cmake
[0.917s] -- Up-to-date: /home/cc/ee106a/sp26/class/ee106a-abz/ros_workspaces/lab1/install/my_chatter_msgs/share/my_chatter_msgs/cmake/my_chatter_msgsConfig-version.cmake
[0.918s] -- Up-to-date: /home/cc/ee106a/sp26/class/ee106a-abz/ros_workspaces/lab1/install/my_chatter_msgs/share/my_chatter_msgs/package.xml
[0.923s] Invoked command in '/home/cc/ee106a/sp26/class/ee106a-abz/ros_workspaces/lab1/build/my_chatter_msgs' returned '0': CMAKE_PREFIX_PATH=${CMAKE_PREFIX_PATH}:/home/cc/ee106a/sp26/class/ee106a-abz/ros_workspaces/lab1/install/my_chatter:/home/cc/ee106a/sp26/class/ee106a-abz/ros_workspaces/lab1/install/chatter:/home/ff/ee106a/robot_workspaces/ur/install/ur7e_utils:/opt/ros/humble /usr/bin/cmake --install /home/cc/ee106a/sp26/class/ee106a-abz/ros_workspaces/lab1/build/my_chatter_msgs
