[0.615s] Invoking command in '/home/cc/ee106a/sp26/class/ee106a-abz/ros_workspaces/lab1/src/chatter': PYTHONPATH=/home/cc/ee106a/sp26/class/ee106a-abz/ros_workspaces/lab1/build/chatter/prefix_override:/usr/lib/python3/dist-packages/colcon_core/task/python/colcon_distutils_commands:/home/cc/ee106a/sp26/class/ee106a-abz/ros_workspaces/lab1/install/chatter/lib/python3.10/site-packages:${PYTHONPATH} /usr/bin/python3 -W ignore:setup.py install is deprecated -W ignore:easy_install command is deprecated setup.py egg_info --egg-base ../../build/chatter build --build-base /home/cc/ee106a/sp26/class/ee106a-abz/ros_workspaces/lab1/build/chatter/build install --record /home/cc/ee106a/sp26/class/ee106a-abz/ros_workspaces/lab1/build/chatter/install.log --single-version-externally-managed install_data
[0.811s] running egg_info
[0.812s] writing ../../build/chatter/chatter.egg-info/PKG-INFO
[0.816s] writing dependency_links to ../../build/chatter/chatter.egg-info/dependency_links.txt
[0.818s] writing entry points to ../../build/chatter/chatter.egg-info/entry_points.txt
[0.820s] writing requirements to ../../build/chatter/chatter.egg-info/requires.txt
[0.822s] writing top-level names to ../../build/chatter/chatter.egg-info/top_level.txt
[0.829s] reading manifest file '../../build/chatter/chatter.egg-info/SOURCES.txt'
[0.832s] writing manifest file '../../build/chatter/chatter.egg-info/SOURCES.txt'
[0.834s] running build
[0.834s] running build_py
[0.837s] running install
[0.837s] running install_lib
[0.843s] running install_data
[0.844s] running install_egg_info
[0.849s] removing '/home/cc/ee106a/sp26/class/ee106a-abz/ros_workspaces/lab1/install/chatter/lib/python3.10/site-packages/chatter-0.0.0-py3.10.egg-info' (and everything under it)
[0.855s] Copying ../../build/chatter/chatter.egg-info to /home/cc/ee106a/sp26/class/ee106a-abz/ros_workspaces/lab1/install/chatter/lib/python3.10/site-packages/chatter-0.0.0-py3.10.egg-info
[0.890s] running install_scripts
[0.936s] Installing listener script to /home/cc/ee106a/sp26/class/ee106a-abz/ros_workspaces/lab1/install/chatter/lib/chatter
[0.939s] Installing talker script to /home/cc/ee106a/sp26/class/ee106a-abz/ros_workspaces/lab1/install/chatter/lib/chatter
[0.942s] writing list of installed files to '/home/cc/ee106a/sp26/class/ee106a-abz/ros_workspaces/lab1/build/chatter/install.log'
[0.959s] Invoked command in '/home/cc/ee106a/sp26/class/ee106a-abz/ros_workspaces/lab1/src/chatter' returned '0': PYTHONPATH=/home/cc/ee106a/sp26/class/ee106a-abz/ros_workspaces/lab1/build/chatter/prefix_override:/usr/lib/python3/dist-packages/colcon_core/task/python/colcon_distutils_commands:/home/cc/ee106a/sp26/class/ee106a-abz/ros_workspaces/lab1/install/chatter/lib/python3.10/site-packages:${PYTHONPATH} /usr/bin/python3 -W ignore:setup.py install is deprecated -W ignore:easy_install command is deprecated setup.py egg_info --egg-base ../../build/chatter build --build-base /home/cc/ee106a/sp26/class/ee106a-abz/ros_workspaces/lab1/build/chatter/build install --record /home/cc/ee106a/sp26/class/ee106a-abz/ros_workspaces/lab1/build/chatter/install.log --single-version-externally-managed install_data
