[0.085s] DEBUG:colcon:Command line arguments: ['/usr/bin/colcon', 'build']
[0.085s] DEBUG:colcon:Parsed command line arguments: Namespace(log_base=None, log_level=None, verb_name='build', build_base='build', install_base='install', merge_install=False, symlink_install=False, test_result_base=None, continue_on_error=False, executor='parallel', parallel_workers=32, event_handlers=None, ignore_user_meta=False, metas=['./colcon.meta'], base_paths=['.'], packages_ignore=None, packages_ignore_regex=None, paths=None, packages_up_to=None, packages_up_to_regex=None, packages_above=None, packages_above_and_dependencies=None, packages_above_depth=None, packages_select_by_dep=None, packages_skip_by_dep=None, packages_skip_up_to=None, packages_select_build_failed=False, packages_skip_build_finished=False, packages_select_test_failures=False, packages_skip_test_passed=False, packages_select=None, packages_skip=None, packages_select_regex=None, packages_skip_regex=None, packages_start=None, packages_end=None, cmake_args=None, cmake_target=None, cmake_target_skip_unavailable=False, cmake_clean_cache=False, cmake_clean_first=False, cmake_force_configure=False, ament_cmake_args=None, catkin_cmake_args=None, catkin_skip_building_tests=False, mixin_files=None, mixin=None, verb_parser=<colcon_mixin.mixin.mixin_argument.MixinArgumentDecorator object at 0x732ce3936080>, verb_extension=<colcon_core.verb.build.BuildVerb object at 0x732ce3a3b010>, main=<bound method BuildVerb.main of <colcon_core.verb.build.BuildVerb object at 0x732ce3a3b010>>, mixin_verb=('build',))
[0.217s] Level 1:colcon.colcon_core.package_discovery:discover_packages(colcon_meta) check parameters
[0.217s] Level 1:colcon.colcon_core.package_discovery:discover_packages(recursive) check parameters
[0.217s] Level 1:colcon.colcon_core.package_discovery:discover_packages(ignore) check parameters
[0.217s] Level 1:colcon.colcon_core.package_discovery:discover_packages(path) check parameters
[0.217s] Level 1:colcon.colcon_core.package_discovery:discover_packages(colcon_meta) discover
[0.217s] Level 1:colcon.colcon_core.package_discovery:discover_packages(recursive) discover
[0.217s] INFO:colcon.colcon_core.package_discovery:Crawling recursively for packages in '/home/cc/ee106a/sp26/class/ee106a-abz/ros_workspaces/lab1'
[0.218s] Level 1:colcon.colcon_core.package_identification:_identify(.) by extensions ['ignore', 'ignore_ament_install']
[0.218s] Level 1:colcon.colcon_core.package_identification:_identify(.) by extension 'ignore'
[0.218s] Level 1:colcon.colcon_core.package_identification:_identify(.) by extension 'ignore_ament_install'
[0.218s] Level 1:colcon.colcon_core.package_identification:_identify(.) by extensions ['colcon_pkg']
[0.218s] Level 1:colcon.colcon_core.package_identification:_identify(.) by extension 'colcon_pkg'
[0.218s] Level 1:colcon.colcon_core.package_identification:_identify(.) by extensions ['colcon_meta']
[0.218s] Level 1:colcon.colcon_core.package_identification:_identify(.) by extension 'colcon_meta'
[0.218s] Level 1:colcon.colcon_core.package_identification:_identify(.) by extensions ['ros']
[0.219s] Level 1:colcon.colcon_core.package_identification:_identify(.) by extension 'ros'
[0.227s] Level 1:colcon.colcon_core.package_identification:_identify(.) by extensions ['cmake', 'python']
[0.227s] Level 1:colcon.colcon_core.package_identification:_identify(.) by extension 'cmake'
[0.227s] Level 1:colcon.colcon_core.package_identification:_identify(.) by extension 'python'
[0.227s] Level 1:colcon.colcon_core.package_identification:_identify(.) by extensions ['python_setup_py']
[0.227s] Level 1:colcon.colcon_core.package_identification:_identify(.) by extension 'python_setup_py'
[0.228s] Level 1:colcon.colcon_core.package_identification:_identify(build) by extensions ['ignore', 'ignore_ament_install']
[0.228s] Level 1:colcon.colcon_core.package_identification:_identify(build) by extension 'ignore'
[0.228s] Level 1:colcon.colcon_core.package_identification:_identify(build) ignored
[0.228s] Level 1:colcon.colcon_core.package_identification:_identify(install) by extensions ['ignore', 'ignore_ament_install']
[0.229s] Level 1:colcon.colcon_core.package_identification:_identify(install) by extension 'ignore'
[0.229s] Level 1:colcon.colcon_core.package_identification:_identify(install) ignored
[0.230s] Level 1:colcon.colcon_core.package_identification:_identify(log) by extensions ['ignore', 'ignore_ament_install']
[0.230s] Level 1:colcon.colcon_core.package_identification:_identify(log) by extension 'ignore'
[0.230s] Level 1:colcon.colcon_core.package_identification:_identify(log) ignored
[0.230s] Level 1:colcon.colcon_core.package_identification:_identify(src) by extensions ['ignore', 'ignore_ament_install']
[0.230s] Level 1:colcon.colcon_core.package_identification:_identify(src) by extension 'ignore'
[0.231s] Level 1:colcon.colcon_core.package_identification:_identify(src) by extension 'ignore_ament_install'
[0.231s] Level 1:colcon.colcon_core.package_identification:_identify(src) by extensions ['colcon_pkg']
[0.231s] Level 1:colcon.colcon_core.package_identification:_identify(src) by extension 'colcon_pkg'
[0.231s] Level 1:colcon.colcon_core.package_identification:_identify(src) by extensions ['colcon_meta']
[0.231s] Level 1:colcon.colcon_core.package_identification:_identify(src) by extension 'colcon_meta'
[0.231s] Level 1:colcon.colcon_core.package_identification:_identify(src) by extensions ['ros']
[0.232s] Level 1:colcon.colcon_core.package_identification:_identify(src) by extension 'ros'
[0.232s] Level 1:colcon.colcon_core.package_identification:_identify(src) by extensions ['cmake', 'python']
[0.232s] Level 1:colcon.colcon_core.package_identification:_identify(src) by extension 'cmake'
[0.232s] Level 1:colcon.colcon_core.package_identification:_identify(src) by extension 'python'
[0.232s] Level 1:colcon.colcon_core.package_identification:_identify(src) by extensions ['python_setup_py']
[0.232s] Level 1:colcon.colcon_core.package_identification:_identify(src) by extension 'python_setup_py'
[0.233s] Level 1:colcon.colcon_core.package_identification:_identify(src/chatter) by extensions ['ignore', 'ignore_ament_install']
[0.233s] Level 1:colcon.colcon_core.package_identification:_identify(src/chatter) by extension 'ignore'
[0.234s] Level 1:colcon.colcon_core.package_identification:_identify(src/chatter) by extension 'ignore_ament_install'
[0.234s] Level 1:colcon.colcon_core.package_identification:_identify(src/chatter) by extensions ['colcon_pkg']
[0.234s] Level 1:colcon.colcon_core.package_identification:_identify(src/chatter) by extension 'colcon_pkg'
[0.234s] Level 1:colcon.colcon_core.package_identification:_identify(src/chatter) by extensions ['colcon_meta']
[0.235s] Level 1:colcon.colcon_core.package_identification:_identify(src/chatter) by extension 'colcon_meta'
[0.235s] Level 1:colcon.colcon_core.package_identification:_identify(src/chatter) by extensions ['ros']
[0.235s] Level 1:colcon.colcon_core.package_identification:_identify(src/chatter) by extension 'ros'
[0.239s] DEBUG:colcon.colcon_core.package_identification:Package 'src/chatter' with type 'ros.ament_python' and name 'chatter'
[0.240s] Level 1:colcon.colcon_core.package_identification:_identify(src/my_chatter) by extensions ['ignore', 'ignore_ament_install']
[0.240s] Level 1:colcon.colcon_core.package_identification:_identify(src/my_chatter) by extension 'ignore'
[0.240s] Level 1:colcon.colcon_core.package_identification:_identify(src/my_chatter) by extension 'ignore_ament_install'
[0.241s] Level 1:colcon.colcon_core.package_identification:_identify(src/my_chatter) by extensions ['colcon_pkg']
[0.241s] Level 1:colcon.colcon_core.package_identification:_identify(src/my_chatter) by extension 'colcon_pkg'
[0.241s] Level 1:colcon.colcon_core.package_identification:_identify(src/my_chatter) by extensions ['colcon_meta']
[0.242s] Level 1:colcon.colcon_core.package_identification:_identify(src/my_chatter) by extension 'colcon_meta'
[0.242s] Level 1:colcon.colcon_core.package_identification:_identify(src/my_chatter) by extensions ['ros']
[0.242s] Level 1:colcon.colcon_core.package_identification:_identify(src/my_chatter) by extension 'ros'
[0.244s] DEBUG:colcon.colcon_core.package_identification:Package 'src/my_chatter' with type 'ros.ament_python' and name 'my_chatter'
[0.245s] Level 1:colcon.colcon_core.package_identification:_identify(src/my_chatter_msgs) by extensions ['ignore', 'ignore_ament_install']
[0.245s] Level 1:colcon.colcon_core.package_identification:_identify(src/my_chatter_msgs) by extension 'ignore'
[0.245s] Level 1:colcon.colcon_core.package_identification:_identify(src/my_chatter_msgs) by extension 'ignore_ament_install'
[0.245s] Level 1:colcon.colcon_core.package_identification:_identify(src/my_chatter_msgs) by extensions ['colcon_pkg']
[0.246s] Level 1:colcon.colcon_core.package_identification:_identify(src/my_chatter_msgs) by extension 'colcon_pkg'
[0.246s] Level 1:colcon.colcon_core.package_identification:_identify(src/my_chatter_msgs) by extensions ['colcon_meta']
[0.246s] Level 1:colcon.colcon_core.package_identification:_identify(src/my_chatter_msgs) by extension 'colcon_meta'
[0.246s] Level 1:colcon.colcon_core.package_identification:_identify(src/my_chatter_msgs) by extensions ['ros']
[0.246s] Level 1:colcon.colcon_core.package_identification:_identify(src/my_chatter_msgs) by extension 'ros'
[0.248s] DEBUG:colcon.colcon_core.package_identification:Package 'src/my_chatter_msgs' with type 'ros.ament_cmake' and name 'my_chatter_msgs'
[0.248s] Level 1:colcon.colcon_core.package_discovery:discover_packages(recursive) using defaults
[0.249s] Level 1:colcon.colcon_core.package_discovery:discover_packages(ignore) discover
[0.249s] Level 1:colcon.colcon_core.package_discovery:discover_packages(ignore) using defaults
[0.249s] Level 1:colcon.colcon_core.package_discovery:discover_packages(path) discover
[0.249s] Level 1:colcon.colcon_core.package_discovery:discover_packages(path) using defaults
[0.276s] Level 5:colcon.colcon_core.verb:set package 'chatter' build argument 'cmake_args' from command line to 'None'
[0.276s] Level 5:colcon.colcon_core.verb:set package 'chatter' build argument 'cmake_target' from command line to 'None'
[0.276s] Level 5:colcon.colcon_core.verb:set package 'chatter' build argument 'cmake_target_skip_unavailable' from command line to 'False'
[0.276s] Level 5:colcon.colcon_core.verb:set package 'chatter' build argument 'cmake_clean_cache' from command line to 'False'
[0.276s] Level 5:colcon.colcon_core.verb:set package 'chatter' build argument 'cmake_clean_first' from command line to 'False'
[0.276s] Level 5:colcon.colcon_core.verb:set package 'chatter' build argument 'cmake_force_configure' from command line to 'False'
[0.276s] Level 5:colcon.colcon_core.verb:set package 'chatter' build argument 'ament_cmake_args' from command line to 'None'
[0.276s] Level 5:colcon.colcon_core.verb:set package 'chatter' build argument 'catkin_cmake_args' from command line to 'None'
[0.276s] Level 5:colcon.colcon_core.verb:set package 'chatter' build argument 'catkin_skip_building_tests' from command line to 'False'
[0.276s] DEBUG:colcon.colcon_core.verb:Building package 'chatter' with the following arguments: {'ament_cmake_args': None, 'build_base': '/home/cc/ee106a/sp26/class/ee106a-abz/ros_workspaces/lab1/build/chatter', 'catkin_cmake_args': None, 'catkin_skip_building_tests': False, 'cmake_args': None, 'cmake_clean_cache': False, 'cmake_clean_first': False, 'cmake_force_configure': False, 'cmake_target': None, 'cmake_target_skip_unavailable': False, 'install_base': '/home/cc/ee106a/sp26/class/ee106a-abz/ros_workspaces/lab1/install/chatter', 'merge_install': False, 'path': '/home/cc/ee106a/sp26/class/ee106a-abz/ros_workspaces/lab1/src/chatter', 'symlink_install': False, 'test_result_base': None}
[0.277s] Level 5:colcon.colcon_core.verb:set package 'my_chatter_msgs' build argument 'cmake_args' from command line to 'None'
[0.277s] Level 5:colcon.colcon_core.verb:set package 'my_chatter_msgs' build argument 'cmake_target' from command line to 'None'
[0.277s] Level 5:colcon.colcon_core.verb:set package 'my_chatter_msgs' build argument 'cmake_target_skip_unavailable' from command line to 'False'
[0.277s] Level 5:colcon.colcon_core.verb:set package 'my_chatter_msgs' build argument 'cmake_clean_cache' from command line to 'False'
[0.277s] Level 5:colcon.colcon_core.verb:set package 'my_chatter_msgs' build argument 'cmake_clean_first' from command line to 'False'
[0.277s] Level 5:colcon.colcon_core.verb:set package 'my_chatter_msgs' build argument 'cmake_force_configure' from command line to 'False'
[0.277s] Level 5:colcon.colcon_core.verb:set package 'my_chatter_msgs' build argument 'ament_cmake_args' from command line to 'None'
[0.277s] Level 5:colcon.colcon_core.verb:set package 'my_chatter_msgs' build argument 'catkin_cmake_args' from command line to 'None'
[0.277s] Level 5:colcon.colcon_core.verb:set package 'my_chatter_msgs' build argument 'catkin_skip_building_tests' from command line to 'False'
[0.277s] DEBUG:colcon.colcon_core.verb:Building package 'my_chatter_msgs' with the following arguments: {'ament_cmake_args': None, 'build_base': '/home/cc/ee106a/sp26/class/ee106a-abz/ros_workspaces/lab1/build/my_chatter_msgs', 'catkin_cmake_args': None, 'catkin_skip_building_tests': False, 'cmake_args': None, 'cmake_clean_cache': False, 'cmake_clean_first': False, 'cmake_force_configure': False, 'cmake_target': None, 'cmake_target_skip_unavailable': False, 'install_base': '/home/cc/ee106a/sp26/class/ee106a-abz/ros_workspaces/lab1/install/my_chatter_msgs', 'merge_install': False, 'path': '/home/cc/ee106a/sp26/class/ee106a-abz/ros_workspaces/lab1/src/my_chatter_msgs', 'symlink_install': False, 'test_result_base': None}
[0.278s] Level 5:colcon.colcon_core.verb:set package 'my_chatter' build argument 'cmake_args' from command line to 'None'
[0.278s] Level 5:colcon.colcon_core.verb:set package 'my_chatter' build argument 'cmake_target' from command line to 'None'
[0.278s] Level 5:colcon.colcon_core.verb:set package 'my_chatter' build argument 'cmake_target_skip_unavailable' from command line to 'False'
[0.278s] Level 5:colcon.colcon_core.verb:set package 'my_chatter' build argument 'cmake_clean_cache' from command line to 'False'
[0.278s] Level 5:colcon.colcon_core.verb:set package 'my_chatter' build argument 'cmake_clean_first' from command line to 'False'
[0.278s] Level 5:colcon.colcon_core.verb:set package 'my_chatter' build argument 'cmake_force_configure' from command line to 'False'
[0.278s] Level 5:colcon.colcon_core.verb:set package 'my_chatter' build argument 'ament_cmake_args' from command line to 'None'
[0.278s] Level 5:colcon.colcon_core.verb:set package 'my_chatter' build argument 'catkin_cmake_args' from command line to 'None'
[0.278s] Level 5:colcon.colcon_core.verb:set package 'my_chatter' build argument 'catkin_skip_building_tests' from command line to 'False'
[0.278s] DEBUG:colcon.colcon_core.verb:Building package 'my_chatter' with the following arguments: {'ament_cmake_args': None, 'build_base': '/home/cc/ee106a/sp26/class/ee106a-abz/ros_workspaces/lab1/build/my_chatter', 'catkin_cmake_args': None, 'catkin_skip_building_tests': False, 'cmake_args': None, 'cmake_clean_cache': False, 'cmake_clean_first': False, 'cmake_force_configure': False, 'cmake_target': None, 'cmake_target_skip_unavailable': False, 'install_base': '/home/cc/ee106a/sp26/class/ee106a-abz/ros_workspaces/lab1/install/my_chatter', 'merge_install': False, 'path': '/home/cc/ee106a/sp26/class/ee106a-abz/ros_workspaces/lab1/src/my_chatter', 'symlink_install': False, 'test_result_base': None}
[0.279s] INFO:colcon.colcon_core.executor:Executing jobs using 'parallel' executor
[0.280s] DEBUG:colcon.colcon_parallel_executor.executor.parallel:run_until_complete
[0.280s] INFO:colcon.colcon_ros.task.ament_cmake.build:Building ROS package in '/home/cc/ee106a/sp26/class/ee106a-abz/ros_workspaces/lab1/src/my_chatter_msgs' with build type 'ament_cmake'
[0.280s] INFO:colcon.colcon_cmake.task.cmake.build:Building CMake package in '/home/cc/ee106a/sp26/class/ee106a-abz/ros_workspaces/lab1/src/my_chatter_msgs'
[0.282s] INFO:colcon.colcon_core.plugin_system:Skipping extension 'colcon_core.shell.bat': Not used on non-Windows systems
[0.282s] INFO:colcon.colcon_core.shell:Skip shell extension 'powershell' for command environment: Not usable outside of PowerShell
[0.283s] DEBUG:colcon.colcon_core.shell:Skip shell extension 'dsv' for command environment
[0.315s] INFO:colcon.colcon_ros.task.ament_python.build:Building ROS package in '/home/cc/ee106a/sp26/class/ee106a-abz/ros_workspaces/lab1/src/chatter' with build type 'ament_python'
[0.315s] Level 1:colcon.colcon_core.shell:create_environment_hook('chatter', 'ament_prefix_path')
[0.316s] INFO:colcon.colcon_core.shell:Creating environment hook '/home/cc/ee106a/sp26/class/ee106a-abz/ros_workspaces/lab1/install/chatter/share/chatter/hook/ament_prefix_path.ps1'
[0.318s] INFO:colcon.colcon_core.shell:Creating environment descriptor '/home/cc/ee106a/sp26/class/ee106a-abz/ros_workspaces/lab1/install/chatter/share/chatter/hook/ament_prefix_path.dsv'
[0.320s] INFO:colcon.colcon_core.shell:Creating environment hook '/home/cc/ee106a/sp26/class/ee106a-abz/ros_workspaces/lab1/install/chatter/share/chatter/hook/ament_prefix_path.sh'
[0.323s] INFO:colcon.colcon_core.shell:Skip shell extension 'powershell' for command environment: Not usable outside of PowerShell
[0.323s] DEBUG:colcon.colcon_core.shell:Skip shell extension 'dsv' for command environment
[0.351s] DEBUG:colcon.colcon_core.event_handler.log_command:Invoking command in '/home/cc/ee106a/sp26/class/ee106a-abz/ros_workspaces/lab1/build/my_chatter_msgs': CMAKE_PREFIX_PATH=${CMAKE_PREFIX_PATH}:/home/cc/ee106a/sp26/class/ee106a-abz/ros_workspaces/lab1/install/my_chatter:/home/cc/ee106a/sp26/class/ee106a-abz/ros_workspaces/lab1/install/chatter:/home/ff/ee106a/robot_workspaces/ur/install/ur7e_utils:/opt/ros/humble /usr/bin/cmake --build /home/cc/ee106a/sp26/class/ee106a-abz/ros_workspaces/lab1/build/my_chatter_msgs -- -j32 -l32
[0.631s] INFO:colcon.colcon_core.task.python.build:Building Python package in '/home/cc/ee106a/sp26/class/ee106a-abz/ros_workspaces/lab1/src/chatter'
[0.631s] INFO:colcon.colcon_core.shell:Skip shell extension 'powershell' for command environment: Not usable outside of PowerShell
[0.632s] DEBUG:colcon.colcon_core.shell:Skip shell extension 'dsv' for command environment
[0.904s] DEBUG:colcon.colcon_core.event_handler.log_command:Invoked command in '/home/cc/ee106a/sp26/class/ee106a-abz/ros_workspaces/lab1/build/my_chatter_msgs' returned '0': CMAKE_PREFIX_PATH=${CMAKE_PREFIX_PATH}:/home/cc/ee106a/sp26/class/ee106a-abz/ros_workspaces/lab1/install/my_chatter:/home/cc/ee106a/sp26/class/ee106a-abz/ros_workspaces/lab1/install/chatter:/home/ff/ee106a/robot_workspaces/ur/install/ur7e_utils:/opt/ros/humble /usr/bin/cmake --build /home/cc/ee106a/sp26/class/ee106a-abz/ros_workspaces/lab1/build/my_chatter_msgs -- -j32 -l32
[0.919s] DEBUG:colcon.colcon_core.event_handler.log_command:Invoking command in '/home/cc/ee106a/sp26/class/ee106a-abz/ros_workspaces/lab1/build/my_chatter_msgs': CMAKE_PREFIX_PATH=${CMAKE_PREFIX_PATH}:/home/cc/ee106a/sp26/class/ee106a-abz/ros_workspaces/lab1/install/my_chatter:/home/cc/ee106a/sp26/class/ee106a-abz/ros_workspaces/lab1/install/chatter:/home/ff/ee106a/robot_workspaces/ur/install/ur7e_utils:/opt/ros/humble /usr/bin/cmake --install /home/cc/ee106a/sp26/class/ee106a-abz/ros_workspaces/lab1/build/my_chatter_msgs
[0.976s] DEBUG:colcon.colcon_core.event_handler.log_command:Invoking command in '/home/cc/ee106a/sp26/class/ee106a-abz/ros_workspaces/lab1/src/chatter': PYTHONPATH=/home/cc/ee106a/sp26/class/ee106a-abz/ros_workspaces/lab1/build/chatter/prefix_override:/usr/lib/python3/dist-packages/colcon_core/task/python/colcon_distutils_commands:/home/cc/ee106a/sp26/class/ee106a-abz/ros_workspaces/lab1/install/chatter/lib/python3.10/site-packages:${PYTHONPATH} /usr/bin/python3 -W ignore:setup.py install is deprecated -W ignore:easy_install command is deprecated setup.py egg_info --egg-base ../../build/chatter build --build-base /home/cc/ee106a/sp26/class/ee106a-abz/ros_workspaces/lab1/build/chatter/build install --record /home/cc/ee106a/sp26/class/ee106a-abz/ros_workspaces/lab1/build/chatter/install.log --single-version-externally-managed install_data
[1.178s] Level 1:colcon.colcon_core.environment:create_environment_scripts_only(my_chatter_msgs)
[1.179s] DEBUG:colcon.colcon_core.event_handler.log_command:Invoked command in '/home/cc/ee106a/sp26/class/ee106a-abz/ros_workspaces/lab1/build/my_chatter_msgs' returned '0': CMAKE_PREFIX_PATH=${CMAKE_PREFIX_PATH}:/home/cc/ee106a/sp26/class/ee106a-abz/ros_workspaces/lab1/install/my_chatter:/home/cc/ee106a/sp26/class/ee106a-abz/ros_workspaces/lab1/install/chatter:/home/ff/ee106a/robot_workspaces/ur/install/ur7e_utils:/opt/ros/humble /usr/bin/cmake --install /home/cc/ee106a/sp26/class/ee106a-abz/ros_workspaces/lab1/build/my_chatter_msgs
[1.180s] Level 1:colcon.colcon_core.environment:checking '/home/cc/ee106a/sp26/class/ee106a-abz/ros_workspaces/lab1/install/my_chatter_msgs' for CMake module files
[1.182s] Level 1:colcon.colcon_core.environment:checking '/home/cc/ee106a/sp26/class/ee106a-abz/ros_workspaces/lab1/install/my_chatter_msgs' for CMake config files
[1.184s] Level 1:colcon.colcon_core.shell:create_environment_hook('my_chatter_msgs', 'cmake_prefix_path')
[1.184s] INFO:colcon.colcon_core.shell:Creating environment hook '/home/cc/ee106a/sp26/class/ee106a-abz/ros_workspaces/lab1/install/my_chatter_msgs/share/my_chatter_msgs/hook/cmake_prefix_path.ps1'
[1.187s] INFO:colcon.colcon_core.shell:Creating environment descriptor '/home/cc/ee106a/sp26/class/ee106a-abz/ros_workspaces/lab1/install/my_chatter_msgs/share/my_chatter_msgs/hook/cmake_prefix_path.dsv'
[1.190s] INFO:colcon.colcon_core.shell:Creating environment hook '/home/cc/ee106a/sp26/class/ee106a-abz/ros_workspaces/lab1/install/my_chatter_msgs/share/my_chatter_msgs/hook/cmake_prefix_path.sh'
[1.193s] Level 1:colcon.colcon_core.environment:checking '/home/cc/ee106a/sp26/class/ee106a-abz/ros_workspaces/lab1/install/my_chatter_msgs/lib'
[1.193s] Level 1:colcon.colcon_core.shell:create_environment_hook('my_chatter_msgs', 'ld_library_path_lib')
[1.193s] INFO:colcon.colcon_core.shell:Creating environment hook '/home/cc/ee106a/sp26/class/ee106a-abz/ros_workspaces/lab1/install/my_chatter_msgs/share/my_chatter_msgs/hook/ld_library_path_lib.ps1'
[1.196s] INFO:colcon.colcon_core.shell:Creating environment descriptor '/home/cc/ee106a/sp26/class/ee106a-abz/ros_workspaces/lab1/install/my_chatter_msgs/share/my_chatter_msgs/hook/ld_library_path_lib.dsv'
[1.199s] INFO:colcon.colcon_core.shell:Creating environment hook '/home/cc/ee106a/sp26/class/ee106a-abz/ros_workspaces/lab1/install/my_chatter_msgs/share/my_chatter_msgs/hook/ld_library_path_lib.sh'
[1.201s] Level 1:colcon.colcon_core.environment:checking '/home/cc/ee106a/sp26/class/ee106a-abz/ros_workspaces/lab1/install/my_chatter_msgs/bin'
[1.201s] Level 1:colcon.colcon_core.environment:checking '/home/cc/ee106a/sp26/class/ee106a-abz/ros_workspaces/lab1/install/my_chatter_msgs/lib/pkgconfig/my_chatter_msgs.pc'
[1.202s] Level 1:colcon.colcon_core.environment:checking '/home/cc/ee106a/sp26/class/ee106a-abz/ros_workspaces/lab1/install/my_chatter_msgs/lib/python3.10/site-packages'
[1.202s] Level 1:colcon.colcon_core.environment:checking '/home/cc/ee106a/sp26/class/ee106a-abz/ros_workspaces/lab1/install/my_chatter_msgs/bin'
[1.203s] INFO:colcon.colcon_core.shell:Creating package script '/home/cc/ee106a/sp26/class/ee106a-abz/ros_workspaces/lab1/install/my_chatter_msgs/share/my_chatter_msgs/package.ps1'
[1.205s] INFO:colcon.colcon_core.shell:Creating package descriptor '/home/cc/ee106a/sp26/class/ee106a-abz/ros_workspaces/lab1/install/my_chatter_msgs/share/my_chatter_msgs/package.dsv'
[1.207s] INFO:colcon.colcon_core.shell:Creating package script '/home/cc/ee106a/sp26/class/ee106a-abz/ros_workspaces/lab1/install/my_chatter_msgs/share/my_chatter_msgs/package.sh'
[1.209s] INFO:colcon.colcon_core.shell:Creating package script '/home/cc/ee106a/sp26/class/ee106a-abz/ros_workspaces/lab1/install/my_chatter_msgs/share/my_chatter_msgs/package.bash'
[1.213s] INFO:colcon.colcon_core.shell:Creating package script '/home/cc/ee106a/sp26/class/ee106a-abz/ros_workspaces/lab1/install/my_chatter_msgs/share/my_chatter_msgs/package.zsh'
[1.215s] Level 1:colcon.colcon_core.environment:create_file_with_runtime_dependencies(/home/cc/ee106a/sp26/class/ee106a-abz/ros_workspaces/lab1/install/my_chatter_msgs/share/colcon-core/packages/my_chatter_msgs)
[1.218s] Level 1:colcon.colcon_core.environment:create_environment_scripts_only(my_chatter_msgs)
[1.219s] Level 1:colcon.colcon_core.environment:checking '/home/cc/ee106a/sp26/class/ee106a-abz/ros_workspaces/lab1/install/my_chatter_msgs' for CMake module files
[1.220s] Level 1:colcon.colcon_core.environment:checking '/home/cc/ee106a/sp26/class/ee106a-abz/ros_workspaces/lab1/install/my_chatter_msgs' for CMake config files
[1.222s] Level 1:colcon.colcon_core.shell:create_environment_hook('my_chatter_msgs', 'cmake_prefix_path')
[1.222s] INFO:colcon.colcon_core.shell:Creating environment hook '/home/cc/ee106a/sp26/class/ee106a-abz/ros_workspaces/lab1/install/my_chatter_msgs/share/my_chatter_msgs/hook/cmake_prefix_path.ps1'
[1.225s] INFO:colcon.colcon_core.shell:Creating environment descriptor '/home/cc/ee106a/sp26/class/ee106a-abz/ros_workspaces/lab1/install/my_chatter_msgs/share/my_chatter_msgs/hook/cmake_prefix_path.dsv'
[1.227s] INFO:colcon.colcon_core.shell:Creating environment hook '/home/cc/ee106a/sp26/class/ee106a-abz/ros_workspaces/lab1/install/my_chatter_msgs/share/my_chatter_msgs/hook/cmake_prefix_path.sh'
[1.230s] Level 1:colcon.colcon_core.environment:checking '/home/cc/ee106a/sp26/class/ee106a-abz/ros_workspaces/lab1/install/my_chatter_msgs/lib'
[1.230s] Level 1:colcon.colcon_core.shell:create_environment_hook('my_chatter_msgs', 'ld_library_path_lib')
[1.231s] INFO:colcon.colcon_core.shell:Creating environment hook '/home/cc/ee106a/sp26/class/ee106a-abz/ros_workspaces/lab1/install/my_chatter_msgs/share/my_chatter_msgs/hook/ld_library_path_lib.ps1'
[1.233s] INFO:colcon.colcon_core.shell:Creating environment descriptor '/home/cc/ee106a/sp26/class/ee106a-abz/ros_workspaces/lab1/install/my_chatter_msgs/share/my_chatter_msgs/hook/ld_library_path_lib.dsv'
[1.236s] INFO:colcon.colcon_core.shell:Creating environment hook '/home/cc/ee106a/sp26/class/ee106a-abz/ros_workspaces/lab1/install/my_chatter_msgs/share/my_chatter_msgs/hook/ld_library_path_lib.sh'
[1.239s] Level 1:colcon.colcon_core.environment:checking '/home/cc/ee106a/sp26/class/ee106a-abz/ros_workspaces/lab1/install/my_chatter_msgs/bin'
[1.239s] Level 1:colcon.colcon_core.environment:checking '/home/cc/ee106a/sp26/class/ee106a-abz/ros_workspaces/lab1/install/my_chatter_msgs/lib/pkgconfig/my_chatter_msgs.pc'
[1.240s] Level 1:colcon.colcon_core.environment:checking '/home/cc/ee106a/sp26/class/ee106a-abz/ros_workspaces/lab1/install/my_chatter_msgs/lib/python3.10/site-packages'
[1.240s] Level 1:colcon.colcon_core.environment:checking '/home/cc/ee106a/sp26/class/ee106a-abz/ros_workspaces/lab1/install/my_chatter_msgs/bin'
[1.241s] INFO:colcon.colcon_core.shell:Creating package script '/home/cc/ee106a/sp26/class/ee106a-abz/ros_workspaces/lab1/install/my_chatter_msgs/share/my_chatter_msgs/package.ps1'
[1.245s] INFO:colcon.colcon_core.shell:Creating package descriptor '/home/cc/ee106a/sp26/class/ee106a-abz/ros_workspaces/lab1/install/my_chatter_msgs/share/my_chatter_msgs/package.dsv'
[1.248s] INFO:colcon.colcon_core.shell:Creating package script '/home/cc/ee106a/sp26/class/ee106a-abz/ros_workspaces/lab1/install/my_chatter_msgs/share/my_chatter_msgs/package.sh'
[1.251s] INFO:colcon.colcon_core.shell:Creating package script '/home/cc/ee106a/sp26/class/ee106a-abz/ros_workspaces/lab1/install/my_chatter_msgs/share/my_chatter_msgs/package.bash'
[1.254s] INFO:colcon.colcon_core.shell:Creating package script '/home/cc/ee106a/sp26/class/ee106a-abz/ros_workspaces/lab1/install/my_chatter_msgs/share/my_chatter_msgs/package.zsh'
[1.256s] Level 1:colcon.colcon_core.environment:create_file_with_runtime_dependencies(/home/cc/ee106a/sp26/class/ee106a-abz/ros_workspaces/lab1/install/my_chatter_msgs/share/colcon-core/packages/my_chatter_msgs)
[1.259s] INFO:colcon.colcon_ros.task.ament_python.build:Building ROS package in '/home/cc/ee106a/sp26/class/ee106a-abz/ros_workspaces/lab1/src/my_chatter' with build type 'ament_python'
[1.259s] Level 1:colcon.colcon_core.shell:create_environment_hook('my_chatter', 'ament_prefix_path')
[1.260s] INFO:colcon.colcon_core.shell:Creating environment hook '/home/cc/ee106a/sp26/class/ee106a-abz/ros_workspaces/lab1/install/my_chatter/share/my_chatter/hook/ament_prefix_path.ps1'
[1.264s] INFO:colcon.colcon_core.shell:Creating environment descriptor '/home/cc/ee106a/sp26/class/ee106a-abz/ros_workspaces/lab1/install/my_chatter/share/my_chatter/hook/ament_prefix_path.dsv'
[1.267s] INFO:colcon.colcon_core.shell:Creating environment hook '/home/cc/ee106a/sp26/class/ee106a-abz/ros_workspaces/lab1/install/my_chatter/share/my_chatter/hook/ament_prefix_path.sh'
[1.271s] INFO:colcon.colcon_core.shell:Skip shell extension 'powershell' for command environment: Not usable outside of PowerShell
[1.271s] DEBUG:colcon.colcon_core.shell:Skip shell extension 'dsv' for command environment
[1.526s] INFO:colcon.colcon_core.task.python.build:Building Python package in '/home/cc/ee106a/sp26/class/ee106a-abz/ros_workspaces/lab1/src/my_chatter'
[1.526s] INFO:colcon.colcon_core.shell:Skip shell extension 'powershell' for command environment: Not usable outside of PowerShell
[1.527s] DEBUG:colcon.colcon_core.shell:Skip shell extension 'dsv' for command environment
[1.539s] Level 1:colcon.colcon_core.environment:checking '/home/cc/ee106a/sp26/class/ee106a-abz/ros_workspaces/lab1/install/chatter' for CMake module files
[1.540s] DEBUG:colcon.colcon_core.event_handler.log_command:Invoked command in '/home/cc/ee106a/sp26/class/ee106a-abz/ros_workspaces/lab1/src/chatter' returned '0': PYTHONPATH=/home/cc/ee106a/sp26/class/ee106a-abz/ros_workspaces/lab1/build/chatter/prefix_override:/usr/lib/python3/dist-packages/colcon_core/task/python/colcon_distutils_commands:/home/cc/ee106a/sp26/class/ee106a-abz/ros_workspaces/lab1/install/chatter/lib/python3.10/site-packages:${PYTHONPATH} /usr/bin/python3 -W ignore:setup.py install is deprecated -W ignore:easy_install command is deprecated setup.py egg_info --egg-base ../../build/chatter build --build-base /home/cc/ee106a/sp26/class/ee106a-abz/ros_workspaces/lab1/build/chatter/build install --record /home/cc/ee106a/sp26/class/ee106a-abz/ros_workspaces/lab1/build/chatter/install.log --single-version-externally-managed install_data
[1.542s] Level 1:colcon.colcon_core.environment:checking '/home/cc/ee106a/sp26/class/ee106a-abz/ros_workspaces/lab1/install/chatter' for CMake config files
[1.547s] Level 1:colcon.colcon_core.environment:checking '/home/cc/ee106a/sp26/class/ee106a-abz/ros_workspaces/lab1/install/chatter/lib'
[1.547s] Level 1:colcon.colcon_core.environment:checking '/home/cc/ee106a/sp26/class/ee106a-abz/ros_workspaces/lab1/install/chatter/bin'
[1.547s] Level 1:colcon.colcon_core.environment:checking '/home/cc/ee106a/sp26/class/ee106a-abz/ros_workspaces/lab1/install/chatter/lib/pkgconfig/chatter.pc'
[1.548s] Level 1:colcon.colcon_core.environment:checking '/home/cc/ee106a/sp26/class/ee106a-abz/ros_workspaces/lab1/install/chatter/lib/python3.10/site-packages'
[1.548s] Level 1:colcon.colcon_core.shell:create_environment_hook('chatter', 'pythonpath')
[1.549s] INFO:colcon.colcon_core.shell:Creating environment hook '/home/cc/ee106a/sp26/class/ee106a-abz/ros_workspaces/lab1/install/chatter/share/chatter/hook/pythonpath.ps1'
[1.552s] INFO:colcon.colcon_core.shell:Creating environment descriptor '/home/cc/ee106a/sp26/class/ee106a-abz/ros_workspaces/lab1/install/chatter/share/chatter/hook/pythonpath.dsv'
[1.555s] INFO:colcon.colcon_core.shell:Creating environment hook '/home/cc/ee106a/sp26/class/ee106a-abz/ros_workspaces/lab1/install/chatter/share/chatter/hook/pythonpath.sh'
[1.558s] Level 1:colcon.colcon_core.environment:checking '/home/cc/ee106a/sp26/class/ee106a-abz/ros_workspaces/lab1/install/chatter/bin'
[1.559s] Level 1:colcon.colcon_core.environment:create_environment_scripts_only(chatter)
[1.560s] INFO:colcon.colcon_core.shell:Creating package script '/home/cc/ee106a/sp26/class/ee106a-abz/ros_workspaces/lab1/install/chatter/share/chatter/package.ps1'
[1.563s] INFO:colcon.colcon_core.shell:Creating package descriptor '/home/cc/ee106a/sp26/class/ee106a-abz/ros_workspaces/lab1/install/chatter/share/chatter/package.dsv'
[1.565s] INFO:colcon.colcon_core.shell:Creating package script '/home/cc/ee106a/sp26/class/ee106a-abz/ros_workspaces/lab1/install/chatter/share/chatter/package.sh'
[1.567s] INFO:colcon.colcon_core.shell:Creating package script '/home/cc/ee106a/sp26/class/ee106a-abz/ros_workspaces/lab1/install/chatter/share/chatter/package.bash'
[1.570s] INFO:colcon.colcon_core.shell:Creating package script '/home/cc/ee106a/sp26/class/ee106a-abz/ros_workspaces/lab1/install/chatter/share/chatter/package.zsh'
[1.572s] Level 1:colcon.colcon_core.environment:create_file_with_runtime_dependencies(/home/cc/ee106a/sp26/class/ee106a-abz/ros_workspaces/lab1/install/chatter/share/colcon-core/packages/chatter)
[1.892s] DEBUG:colcon.colcon_core.event_handler.log_command:Invoking command in '/home/cc/ee106a/sp26/class/ee106a-abz/ros_workspaces/lab1/src/my_chatter': PYTHONPATH=/home/cc/ee106a/sp26/class/ee106a-abz/ros_workspaces/lab1/build/my_chatter/prefix_override:/usr/lib/python3/dist-packages/colcon_core/task/python/colcon_distutils_commands:/home/cc/ee106a/sp26/class/ee106a-abz/ros_workspaces/lab1/install/my_chatter/lib/python3.10/site-packages:${PYTHONPATH} /usr/bin/python3 -W ignore:setup.py install is deprecated -W ignore:easy_install command is deprecated setup.py egg_info --egg-base ../../build/my_chatter build --build-base /home/cc/ee106a/sp26/class/ee106a-abz/ros_workspaces/lab1/build/my_chatter/build install --record /home/cc/ee106a/sp26/class/ee106a-abz/ros_workspaces/lab1/build/my_chatter/install.log --single-version-externally-managed install_data
[2.231s] Level 1:colcon.colcon_core.environment:checking '/home/cc/ee106a/sp26/class/ee106a-abz/ros_workspaces/lab1/install/my_chatter' for CMake module files
[2.232s] DEBUG:colcon.colcon_core.event_handler.log_command:Invoked command in '/home/cc/ee106a/sp26/class/ee106a-abz/ros_workspaces/lab1/src/my_chatter' returned '0': PYTHONPATH=/home/cc/ee106a/sp26/class/ee106a-abz/ros_workspaces/lab1/build/my_chatter/prefix_override:/usr/lib/python3/dist-packages/colcon_core/task/python/colcon_distutils_commands:/home/cc/ee106a/sp26/class/ee106a-abz/ros_workspaces/lab1/install/my_chatter/lib/python3.10/site-packages:${PYTHONPATH} /usr/bin/python3 -W ignore:setup.py install is deprecated -W ignore:easy_install command is deprecated setup.py egg_info --egg-base ../../build/my_chatter build --build-base /home/cc/ee106a/sp26/class/ee106a-abz/ros_workspaces/lab1/build/my_chatter/build install --record /home/cc/ee106a/sp26/class/ee106a-abz/ros_workspaces/lab1/build/my_chatter/install.log --single-version-externally-managed install_data
[2.234s] Level 1:colcon.colcon_core.environment:checking '/home/cc/ee106a/sp26/class/ee106a-abz/ros_workspaces/lab1/install/my_chatter' for CMake config files
[2.240s] Level 1:colcon.colcon_core.environment:checking '/home/cc/ee106a/sp26/class/ee106a-abz/ros_workspaces/lab1/install/my_chatter/lib'
[2.240s] Level 1:colcon.colcon_core.environment:checking '/home/cc/ee106a/sp26/class/ee106a-abz/ros_workspaces/lab1/install/my_chatter/bin'
[2.240s] Level 1:colcon.colcon_core.environment:checking '/home/cc/ee106a/sp26/class/ee106a-abz/ros_workspaces/lab1/install/my_chatter/lib/pkgconfig/my_chatter.pc'
[2.241s] Level 1:colcon.colcon_core.environment:checking '/home/cc/ee106a/sp26/class/ee106a-abz/ros_workspaces/lab1/install/my_chatter/lib/python3.10/site-packages'
[2.241s] Level 1:colcon.colcon_core.shell:create_environment_hook('my_chatter', 'pythonpath')
[2.242s] INFO:colcon.colcon_core.shell:Creating environment hook '/home/cc/ee106a/sp26/class/ee106a-abz/ros_workspaces/lab1/install/my_chatter/share/my_chatter/hook/pythonpath.ps1'
[2.245s] INFO:colcon.colcon_core.shell:Creating environment descriptor '/home/cc/ee106a/sp26/class/ee106a-abz/ros_workspaces/lab1/install/my_chatter/share/my_chatter/hook/pythonpath.dsv'
[2.247s] INFO:colcon.colcon_core.shell:Creating environment hook '/home/cc/ee106a/sp26/class/ee106a-abz/ros_workspaces/lab1/install/my_chatter/share/my_chatter/hook/pythonpath.sh'
[2.250s] Level 1:colcon.colcon_core.environment:checking '/home/cc/ee106a/sp26/class/ee106a-abz/ros_workspaces/lab1/install/my_chatter/bin'
[2.250s] Level 1:colcon.colcon_core.environment:create_environment_scripts_only(my_chatter)
[2.251s] INFO:colcon.colcon_core.shell:Creating package script '/home/cc/ee106a/sp26/class/ee106a-abz/ros_workspaces/lab1/install/my_chatter/share/my_chatter/package.ps1'
[2.253s] INFO:colcon.colcon_core.shell:Creating package descriptor '/home/cc/ee106a/sp26/class/ee106a-abz/ros_workspaces/lab1/install/my_chatter/share/my_chatter/package.dsv'
[2.256s] INFO:colcon.colcon_core.shell:Creating package script '/home/cc/ee106a/sp26/class/ee106a-abz/ros_workspaces/lab1/install/my_chatter/share/my_chatter/package.sh'
[2.259s] INFO:colcon.colcon_core.shell:Creating package script '/home/cc/ee106a/sp26/class/ee106a-abz/ros_workspaces/lab1/install/my_chatter/share/my_chatter/package.bash'
[2.262s] INFO:colcon.colcon_core.shell:Creating package script '/home/cc/ee106a/sp26/class/ee106a-abz/ros_workspaces/lab1/install/my_chatter/share/my_chatter/package.zsh'
[2.264s] Level 1:colcon.colcon_core.environment:create_file_with_runtime_dependencies(/home/cc/ee106a/sp26/class/ee106a-abz/ros_workspaces/lab1/install/my_chatter/share/colcon-core/packages/my_chatter)
[2.266s] DEBUG:colcon.colcon_parallel_executor.executor.parallel:closing loop
[2.267s] DEBUG:colcon.colcon_parallel_executor.executor.parallel:loop closed
[2.267s] DEBUG:colcon.colcon_parallel_executor.executor.parallel:run_until_complete finished with '0'
[2.267s] DEBUG:colcon.colcon_core.event_reactor:joining thread
[2.284s] INFO:colcon.colcon_core.plugin_system:Skipping extension 'colcon_notification.desktop_notification.notify_send': Could not find 'notify-send'
[2.284s] INFO:colcon.colcon_core.plugin_system:Skipping extension 'colcon_notification.desktop_notification.terminal_notifier': Not used on non-Darwin systems
[2.285s] INFO:colcon.colcon_core.plugin_system:Skipping extension 'colcon_notification.desktop_notification.win32': Not used on non-Windows systems
[2.285s] INFO:colcon.colcon_notification.desktop_notification:Sending desktop notification using 'notify2'
[2.461s] DEBUG:colcon.colcon_core.event_reactor:joined thread
[2.461s] INFO:colcon.colcon_core.shell:Creating prefix script '/home/cc/ee106a/sp26/class/ee106a-abz/ros_workspaces/lab1/install/local_setup.ps1'
[2.464s] INFO:colcon.colcon_core.shell:Creating prefix util module '/home/cc/ee106a/sp26/class/ee106a-abz/ros_workspaces/lab1/install/_local_setup_util_ps1.py'
[2.467s] INFO:colcon.colcon_core.shell:Creating prefix chain script '/home/cc/ee106a/sp26/class/ee106a-abz/ros_workspaces/lab1/install/setup.ps1'
[2.473s] INFO:colcon.colcon_core.shell:Creating prefix script '/home/cc/ee106a/sp26/class/ee106a-abz/ros_workspaces/lab1/install/local_setup.sh'
[2.475s] INFO:colcon.colcon_core.shell:Creating prefix util module '/home/cc/ee106a/sp26/class/ee106a-abz/ros_workspaces/lab1/install/_local_setup_util_sh.py'
[2.478s] INFO:colcon.colcon_core.shell:Creating prefix chain script '/home/cc/ee106a/sp26/class/ee106a-abz/ros_workspaces/lab1/install/setup.sh'
[2.485s] INFO:colcon.colcon_core.shell:Creating prefix script '/home/cc/ee106a/sp26/class/ee106a-abz/ros_workspaces/lab1/install/local_setup.bash'
[2.488s] INFO:colcon.colcon_core.shell:Creating prefix chain script '/home/cc/ee106a/sp26/class/ee106a-abz/ros_workspaces/lab1/install/setup.bash'
[2.495s] INFO:colcon.colcon_core.shell:Creating prefix script '/home/cc/ee106a/sp26/class/ee106a-abz/ros_workspaces/lab1/install/local_setup.zsh'
[2.498s] INFO:colcon.colcon_core.shell:Creating prefix chain script '/home/cc/ee106a/sp26/class/ee106a-abz/ros_workspaces/lab1/install/setup.zsh'
