[0.000000] (-) TimerEvent: {}
[0.000245] (bar) JobQueued: {'identifier': 'bar', 'dependencies': OrderedDict()}
[0.000288] (foo) JobQueued: {'identifier': 'foo', 'dependencies': OrderedDict()}
[0.000316] (bar) JobStarted: {'identifier': 'bar'}
[0.033665] (foo) JobStarted: {'identifier': 'foo'}
[0.098687] (-) TimerEvent: {}
[0.199068] (-) TimerEvent: {}
[0.299577] (-) TimerEvent: {}
[0.399886] (-) TimerEvent: {}
[0.500201] (-) TimerEvent: {}
[0.600410] (-) TimerEvent: {}
[0.700813] (-) TimerEvent: {}
[0.801151] (-) TimerEvent: {}
[0.901501] (-) TimerEvent: {}
[1.001897] (-) TimerEvent: {}
[1.096457] (foo) Command: {'cmd': ['/usr/bin/python3', '-W', 'ignore:setup.py install is deprecated', '-W', 'ignore:easy_install command is deprecated', 'setup.py', 'egg_info', '--egg-base', '../../build/foo', 'build', '--build-base', '/home/cc/ee106a/sp26/class/ee106a-abz/ros_workspaces/lab0/build/foo/build', 'install', '--record', '/home/cc/ee106a/sp26/class/ee106a-abz/ros_workspaces/lab0/build/foo/install.log', '--single-version-externally-managed', 'install_data'], 'cwd': '/home/cc/ee106a/sp26/class/ee106a-abz/ros_workspaces/lab0/src/foo', 'env': {'ARCH': 'x86_64', 'QT_SCALE_FACTOR': '1', 'USER': 'ee106a-abz', 'HOSTNAME': 'ros2', 'XDG_SESSION_TYPE': 'x11', 'MASTERDIR': '/home/ff/ee106a', 'COMPIZ_CONFIG_PROFILE': 'mate', 'XDG_CACHE_HOME': '/home/cc/ee106a/sp26/class/ee106a-abz/.cache', 'SHLVL': '2', 'LD_LIBRARY_PATH': '/usr/lib/x86_64-linux-gnu/gazebo-11/plugins:/opt/ros/humble/opt/rviz_ogre_vendor/lib:/opt/ros/humble/lib/x86_64-linux-gnu:/opt/ros/humble/lib', 'HOME': '/home/cc/ee106a/sp26/class/ee106a-abz', 'OLDPWD': '/home/cc/ee106a/sp26/class/ee106a-abz/ros_workspaces/lab0/src', 'DESKTOP_SESSION': 'mate', 'ROS_PYTHON_VERSION': '3', 'GTK_MODULES': 'gail:atk-bridge:appmenu-gtk-module:gail:atk-bridge:canberra-gtk-module', 'EE106_UR_ROBOT_IP': '192.168.1.101', 'DISTROBOX_ENTER_PATH': '/usr/local/bin/distrobox-enter', 'SYSTEMD_EXEC_PID': '559086', 'NNTPSERVER': 'news.csua.berkeley.edu', 'VISUAL': 'emacs', 'XDG_STATE_HOME': '/home/cc/ee106a/sp26/class/ee106a-abz/.local/state', 'DBUS_SESSION_BUS_ADDRESS': 'unix:path=/run/user/34165/bus', 'COLORTERM': 'truecolor', 'container': 'podman', 'UBUNTU_MENUPROXY': '1', 'QT_QPA_PLATFORMTHEME': 'gtk2', 'COLCON_PREFIX_PATH': '/home/ff/ee106a/robot_workspaces/ur/install', 'ROS_DISTRO': 'humble', 'GTK_IM_MODULE': 'ibus', 'LOGNAME': 'ee106a-abz', 'MASTER': 'ee106a', 'WINDOWID': '50331654', 'ROS_VERSION': '2', 'XDG_SESSION_CLASS': 'user', 'TERMINFO_DIRS': '/usr/share/terminfo:/run/host/usr/share/terminfo', 'USERNAME': 'ee106a-abz', 'TERM': 'xterm-256color', 'GTK_OVERLAY_SCROLLING': '0', 'XDG_SESSION_ID': '1805', 'ROS_LOCALHOST_ONLY': '0', 'WINDOWPATH': '2', 'PATH': '/opt/ros/humble/bin:/share/b/grading/bin:/home/ff/ee106a/bin:/home/ff/ee106a/bin/arch/x86_64:/share/b/grading/bin:/home/ff/ee106a/bin:/home/ff/ee106a/bin/arch/x86_64:/usr/local/sbin:/usr/local/bin:/usr/sbin:/usr/bin:/sbin:/bin:/usr/games:/usr/local/games:/snap/bin:/snap/bin:/share/b/grading/bin:/share/b/grading/sbin:/share/b/runas/x86_64:/share/b/bin:/home/ff/ee106a/venvs/all:/usr/local/sbin:/usr/local/bin:/usr/sbin:/usr/bin:/sbin:/bin:/share/b/grading/bin:/share/b/grading/sbin:/share/b/runas/x86_64:/share/b/bin:/home/ff/ee106a/venvs/all', 'SESSION_MANAGER': 'local/c105-7:@/tmp/.ICE-unix/559166,unix/c105-7:/tmp/.ICE-unix/559166', 'OS': 'Linux', 'XDG_RUNTIME_DIR': '/run/user/34165', 'DISPLAY': ':1', 'LANG': 'en_US.UTF-8', 'XDG_CURRENT_DESKTOP': 'MATE', 'XDG_DATA_HOME': '/home/cc/ee106a/sp26/class/ee106a-abz/.local/share', 'XDG_CONFIG_HOME': '/home/cc/ee106a/sp26/class/ee106a-abz/.config', 'XMODIFIERS': '@im=ibus', 'XDG_SESSION_DESKTOP': 'mate', 'XAUTHORITY': '/run/user/34165/gdm/Xauthority', 'SSH_AUTH_SOCK': '/run/user/34165/keyring/ssh', 'ROS_DOMAIN_ID': '27', 'AMENT_PREFIX_PATH': '/home/ff/ee106a/robot_workspaces/ur/install/ur7e_utils:/opt/ros/humble', 'SHELL': '/usr/bin/bash', 'QT_ACCESSIBILITY': '1', 'EE106_UR_ROBOT_NAME': 'r2d2', 'GDMSESSION': 'mate', 'RUNAS': '/share/b/runas/x86_64', 'GPG_AGENT_INFO': '/run/user/34165/gnupg/S.gpg-agent:0:1', 'CONFIG_SHELL': '/usr/bin/ksh', 'QT_IM_MODULE': 'ibus', 'PWD': '/home/cc/ee106a/sp26/class/ee106a-abz/ros_workspaces/lab0/build/foo', 'EE106_ENV_SETUP': 'ur_ros2', 'CONTAINER_ID': 'ros2', 'LC_ALL': 'C.UTF-8', 'XDG_CONFIG_DIRS': '/etc/xdg/xdg-mate:/etc/xdg', 'CLUTTER_IM_MODULE': 'ibus', 'XDG_DATA_DIRS': '/usr/share/mate:/usr/share/mate:/usr/share/gnome:/home/cc/ee106a/sp26/class/ee106a-abz/.local/share/flatpak/exports/share:/var/lib/flatpak/exports/share:/usr/local/share/:/usr/share/:/var/lib/snapd/desktop:/usr/local/share:/usr/share', 'PYTHONPATH': '/home/cc/ee106a/sp26/class/ee106a-abz/ros_workspaces/lab0/build/foo/prefix_override:/usr/lib/python3/dist-packages/colcon_core/task/python/colcon_distutils_commands:/home/cc/ee106a/sp26/class/ee106a-abz/ros_workspaces/lab0/install/foo/lib/python3.10/site-packages:/home/ff/ee106a/robot_workspaces/ur/install/ur7e_utils/lib/python3.10/site-packages:/opt/ros/humble/lib/python3.10/site-packages:/opt/ros/humble/local/lib/python3.10/dist-packages', 'MATE_DESKTOP_SESSION_ID': 'this-is-deprecated', 'COLCON': '1', 'MANPATH': '/usr/local/man:/usr/man:/usr/X11/man:/usr/local/man:/share/b/grading/man:/usr/local/man:/usr/man:/usr/X11/man:/usr/local/man:/share/b/grading/man:', 'VTE_VERSION': '6800', 'EDITOR': 'emacs', 'QT_FONT_DPI': '122'}, 'shell': False}
[1.103645] (-) TimerEvent: {}
[1.106440] (bar) Command: {'cmd': ['/usr/bin/python3', '-W', 'ignore:setup.py install is deprecated', '-W', 'ignore:easy_install command is deprecated', 'setup.py', 'egg_info', '--egg-base', '../../build/bar', 'build', '--build-base', '/home/cc/ee106a/sp26/class/ee106a-abz/ros_workspaces/lab0/build/bar/build', 'install', '--record', '/home/cc/ee106a/sp26/class/ee106a-abz/ros_workspaces/lab0/build/bar/install.log', '--single-version-externally-managed', 'install_data'], 'cwd': '/home/cc/ee106a/sp26/class/ee106a-abz/ros_workspaces/lab0/src/bar', 'env': {'ARCH': 'x86_64', 'QT_SCALE_FACTOR': '1', 'USER': 'ee106a-abz', 'HOSTNAME': 'ros2', 'XDG_SESSION_TYPE': 'x11', 'MASTERDIR': '/home/ff/ee106a', 'COMPIZ_CONFIG_PROFILE': 'mate', 'XDG_CACHE_HOME': '/home/cc/ee106a/sp26/class/ee106a-abz/.cache', 'SHLVL': '2', 'LD_LIBRARY_PATH': '/usr/lib/x86_64-linux-gnu/gazebo-11/plugins:/opt/ros/humble/opt/rviz_ogre_vendor/lib:/opt/ros/humble/lib/x86_64-linux-gnu:/opt/ros/humble/lib', 'HOME': '/home/cc/ee106a/sp26/class/ee106a-abz', 'OLDPWD': '/home/cc/ee106a/sp26/class/ee106a-abz/ros_workspaces/lab0/src', 'DESKTOP_SESSION': 'mate', 'ROS_PYTHON_VERSION': '3', 'GTK_MODULES': 'gail:atk-bridge:appmenu-gtk-module:gail:atk-bridge:canberra-gtk-module', 'EE106_UR_ROBOT_IP': '192.168.1.101', 'DISTROBOX_ENTER_PATH': '/usr/local/bin/distrobox-enter', 'SYSTEMD_EXEC_PID': '559086', 'NNTPSERVER': 'news.csua.berkeley.edu', 'VISUAL': 'emacs', 'XDG_STATE_HOME': '/home/cc/ee106a/sp26/class/ee106a-abz/.local/state', 'DBUS_SESSION_BUS_ADDRESS': 'unix:path=/run/user/34165/bus', 'COLORTERM': 'truecolor', 'container': 'podman', 'UBUNTU_MENUPROXY': '1', 'QT_QPA_PLATFORMTHEME': 'gtk2', 'COLCON_PREFIX_PATH': '/home/ff/ee106a/robot_workspaces/ur/install', 'ROS_DISTRO': 'humble', 'GTK_IM_MODULE': 'ibus', 'LOGNAME': 'ee106a-abz', 'MASTER': 'ee106a', 'WINDOWID': '50331654', 'ROS_VERSION': '2', 'XDG_SESSION_CLASS': 'user', 'TERMINFO_DIRS': '/usr/share/terminfo:/run/host/usr/share/terminfo', 'USERNAME': 'ee106a-abz', 'TERM': 'xterm-256color', 'GTK_OVERLAY_SCROLLING': '0', 'XDG_SESSION_ID': '1805', 'ROS_LOCALHOST_ONLY': '0', 'WINDOWPATH': '2', 'PATH': '/opt/ros/humble/bin:/share/b/grading/bin:/home/ff/ee106a/bin:/home/ff/ee106a/bin/arch/x86_64:/share/b/grading/bin:/home/ff/ee106a/bin:/home/ff/ee106a/bin/arch/x86_64:/usr/local/sbin:/usr/local/bin:/usr/sbin:/usr/bin:/sbin:/bin:/usr/games:/usr/local/games:/snap/bin:/snap/bin:/share/b/grading/bin:/share/b/grading/sbin:/share/b/runas/x86_64:/share/b/bin:/home/ff/ee106a/venvs/all:/usr/local/sbin:/usr/local/bin:/usr/sbin:/usr/bin:/sbin:/bin:/share/b/grading/bin:/share/b/grading/sbin:/share/b/runas/x86_64:/share/b/bin:/home/ff/ee106a/venvs/all', 'SESSION_MANAGER': 'local/c105-7:@/tmp/.ICE-unix/559166,unix/c105-7:/tmp/.ICE-unix/559166', 'OS': 'Linux', 'XDG_RUNTIME_DIR': '/run/user/34165', 'DISPLAY': ':1', 'LANG': 'en_US.UTF-8', 'XDG_CURRENT_DESKTOP': 'MATE', 'XDG_DATA_HOME': '/home/cc/ee106a/sp26/class/ee106a-abz/.local/share', 'XDG_CONFIG_HOME': '/home/cc/ee106a/sp26/class/ee106a-abz/.config', 'XMODIFIERS': '@im=ibus', 'XDG_SESSION_DESKTOP': 'mate', 'XAUTHORITY': '/run/user/34165/gdm/Xauthority', 'SSH_AUTH_SOCK': '/run/user/34165/keyring/ssh', 'ROS_DOMAIN_ID': '27', 'AMENT_PREFIX_PATH': '/home/ff/ee106a/robot_workspaces/ur/install/ur7e_utils:/opt/ros/humble', 'SHELL': '/usr/bin/bash', 'QT_ACCESSIBILITY': '1', 'EE106_UR_ROBOT_NAME': 'r2d2', 'GDMSESSION': 'mate', 'RUNAS': '/share/b/runas/x86_64', 'GPG_AGENT_INFO': '/run/user/34165/gnupg/S.gpg-agent:0:1', 'CONFIG_SHELL': '/usr/bin/ksh', 'QT_IM_MODULE': 'ibus', 'PWD': '/home/cc/ee106a/sp26/class/ee106a-abz/ros_workspaces/lab0/build/bar', 'EE106_ENV_SETUP': 'ur_ros2', 'CONTAINER_ID': 'ros2', 'LC_ALL': 'C.UTF-8', 'XDG_CONFIG_DIRS': '/etc/xdg/xdg-mate:/etc/xdg', 'CLUTTER_IM_MODULE': 'ibus', 'XDG_DATA_DIRS': '/usr/share/mate:/usr/share/mate:/usr/share/gnome:/home/cc/ee106a/sp26/class/ee106a-abz/.local/share/flatpak/exports/share:/var/lib/flatpak/exports/share:/usr/local/share/:/usr/share/:/var/lib/snapd/desktop:/usr/local/share:/usr/share', 'PYTHONPATH': '/home/cc/ee106a/sp26/class/ee106a-abz/ros_workspaces/lab0/build/bar/prefix_override:/usr/lib/python3/dist-packages/colcon_core/task/python/colcon_distutils_commands:/home/cc/ee106a/sp26/class/ee106a-abz/ros_workspaces/lab0/install/bar/lib/python3.10/site-packages:/home/ff/ee106a/robot_workspaces/ur/install/ur7e_utils/lib/python3.10/site-packages:/opt/ros/humble/lib/python3.10/site-packages:/opt/ros/humble/local/lib/python3.10/dist-packages', 'MATE_DESKTOP_SESSION_ID': 'this-is-deprecated', 'COLCON': '1', 'MANPATH': '/usr/local/man:/usr/man:/usr/X11/man:/usr/local/man:/share/b/grading/man:/usr/local/man:/usr/man:/usr/X11/man:/usr/local/man:/share/b/grading/man:', 'VTE_VERSION': '6800', 'EDITOR': 'emacs', 'QT_FONT_DPI': '122'}, 'shell': False}
[1.203735] (-) TimerEvent: {}
[1.304025] (-) TimerEvent: {}
[1.308587] (foo) StdoutLine: {'line': b'running egg_info\n'}
[1.308743] (bar) StdoutLine: {'line': b'running egg_info\n'}
[1.308963] (foo) StdoutLine: {'line': b'creating ../../build/foo/foo.egg-info\n'}
[1.309072] (bar) StdoutLine: {'line': b'creating ../../build/bar/bar.egg-info\n'}
[1.309728] (foo) StdoutLine: {'line': b'writing ../../build/foo/foo.egg-info/PKG-INFO\n'}
[1.310194] (bar) StdoutLine: {'line': b'writing ../../build/bar/bar.egg-info/PKG-INFO\n'}
[1.313965] (foo) StdoutLine: {'line': b'writing dependency_links to ../../build/foo/foo.egg-info/dependency_links.txt\n'}
[1.314380] (bar) StdoutLine: {'line': b'writing dependency_links to ../../build/bar/bar.egg-info/dependency_links.txt\n'}
[1.316199] (foo) StdoutLine: {'line': b'writing entry points to ../../build/foo/foo.egg-info/entry_points.txt\n'}
[1.316601] (bar) StdoutLine: {'line': b'writing entry points to ../../build/bar/bar.egg-info/entry_points.txt\n'}
[1.317331] (foo) StdoutLine: {'line': b'writing requirements to ../../build/foo/foo.egg-info/requires.txt\n'}
[1.318912] (bar) StdoutLine: {'line': b'writing requirements to ../../build/bar/bar.egg-info/requires.txt\n'}
[1.319078] (foo) StdoutLine: {'line': b'writing top-level names to ../../build/foo/foo.egg-info/top_level.txt\n'}
[1.320754] (bar) StdoutLine: {'line': b'writing top-level names to ../../build/bar/bar.egg-info/top_level.txt\n'}
[1.321991] (foo) StdoutLine: {'line': b"writing manifest file '../../build/foo/foo.egg-info/SOURCES.txt'\n"}
[1.322372] (bar) StdoutLine: {'line': b"writing manifest file '../../build/bar/bar.egg-info/SOURCES.txt'\n"}
[1.328602] (bar) StdoutLine: {'line': b"reading manifest file '../../build/bar/bar.egg-info/SOURCES.txt'\n"}
[1.328758] (foo) StdoutLine: {'line': b"reading manifest file '../../build/foo/foo.egg-info/SOURCES.txt'\n"}
[1.331218] (bar) StdoutLine: {'line': b"writing manifest file '../../build/bar/bar.egg-info/SOURCES.txt'\n"}
[1.331490] (foo) StdoutLine: {'line': b"writing manifest file '../../build/foo/foo.egg-info/SOURCES.txt'\n"}
[1.332291] (bar) StdoutLine: {'line': b'running build\n'}
[1.332361] (bar) StdoutLine: {'line': b'running build_py\n'}
[1.332617] (foo) StdoutLine: {'line': b'running build\n'}
[1.332721] (foo) StdoutLine: {'line': b'running build_py\n'}
[1.333342] (bar) StdoutLine: {'line': b'creating /home/cc/ee106a/sp26/class/ee106a-abz/ros_workspaces/lab0/build/bar/build\n'}
[1.333697] (foo) StdoutLine: {'line': b'creating /home/cc/ee106a/sp26/class/ee106a-abz/ros_workspaces/lab0/build/foo/build\n'}
[1.334171] (bar) StdoutLine: {'line': b'creating /home/cc/ee106a/sp26/class/ee106a-abz/ros_workspaces/lab0/build/bar/build/lib\n'}
[1.334624] (foo) StdoutLine: {'line': b'creating /home/cc/ee106a/sp26/class/ee106a-abz/ros_workspaces/lab0/build/foo/build/lib\n'}
[1.334827] (bar) StdoutLine: {'line': b'creating /home/cc/ee106a/sp26/class/ee106a-abz/ros_workspaces/lab0/build/bar/build/lib/bar\n'}
[1.335391] (foo) StdoutLine: {'line': b'creating /home/cc/ee106a/sp26/class/ee106a-abz/ros_workspaces/lab0/build/foo/build/lib/foo\n'}
[1.336303] (bar) StdoutLine: {'line': b'copying bar/__init__.py -> /home/cc/ee106a/sp26/class/ee106a-abz/ros_workspaces/lab0/build/bar/build/lib/bar\n'}
[1.337036] (foo) StdoutLine: {'line': b'copying foo/__init__.py -> /home/cc/ee106a/sp26/class/ee106a-abz/ros_workspaces/lab0/build/foo/build/lib/foo\n'}
[1.339960] (bar) StdoutLine: {'line': b'running install\n'}
[1.340551] (foo) StdoutLine: {'line': b'running install\n'}
[1.340758] (bar) StdoutLine: {'line': b'running install_lib\n'}
[1.341290] (foo) StdoutLine: {'line': b'running install_lib\n'}
[1.344022] (bar) StdoutLine: {'line': b'creating /home/cc/ee106a/sp26/class/ee106a-abz/ros_workspaces/lab0/install/bar/lib/python3.10/site-packages/bar\n'}
[1.345184] (foo) StdoutLine: {'line': b'creating /home/cc/ee106a/sp26/class/ee106a-abz/ros_workspaces/lab0/install/foo/lib/python3.10/site-packages/foo\n'}
[1.345572] (bar) StdoutLine: {'line': b'copying /home/cc/ee106a/sp26/class/ee106a-abz/ros_workspaces/lab0/build/bar/build/lib/bar/__init__.py -> /home/cc/ee106a/sp26/class/ee106a-abz/ros_workspaces/lab0/install/bar/lib/python3.10/site-packages/bar\n'}
[1.346301] (foo) StdoutLine: {'line': b'copying /home/cc/ee106a/sp26/class/ee106a-abz/ros_workspaces/lab0/build/foo/build/lib/foo/__init__.py -> /home/cc/ee106a/sp26/class/ee106a-abz/ros_workspaces/lab0/install/foo/lib/python3.10/site-packages/foo\n'}
[1.351128] (bar) StdoutLine: {'line': b'byte-compiling /home/cc/ee106a/sp26/class/ee106a-abz/ros_workspaces/lab0/install/bar/lib/python3.10/site-packages/bar/__init__.py to __init__.cpython-310.pyc\n'}
[1.351796] (foo) StdoutLine: {'line': b'byte-compiling /home/cc/ee106a/sp26/class/ee106a-abz/ros_workspaces/lab0/install/foo/lib/python3.10/site-packages/foo/__init__.py to __init__.cpython-310.pyc\n'}
[1.355286] (bar) StdoutLine: {'line': b'running install_data\n'}
[1.356031] (bar) StdoutLine: {'line': b'creating /home/cc/ee106a/sp26/class/ee106a-abz/ros_workspaces/lab0/install/bar/share/ament_index\n'}
[1.356220] (foo) StdoutLine: {'line': b'running install_data\n'}
[1.356614] (bar) StdoutLine: {'line': b'creating /home/cc/ee106a/sp26/class/ee106a-abz/ros_workspaces/lab0/install/bar/share/ament_index/resource_index\n'}
[1.357025] (foo) StdoutLine: {'line': b'creating /home/cc/ee106a/sp26/class/ee106a-abz/ros_workspaces/lab0/install/foo/share/ament_index\n'}
[1.357514] (bar) StdoutLine: {'line': b'creating /home/cc/ee106a/sp26/class/ee106a-abz/ros_workspaces/lab0/install/bar/share/ament_index/resource_index/packages\n'}
[1.357828] (foo) StdoutLine: {'line': b'creating /home/cc/ee106a/sp26/class/ee106a-abz/ros_workspaces/lab0/install/foo/share/ament_index/resource_index\n'}
[1.358752] (bar) StdoutLine: {'line': b'copying resource/bar -> /home/cc/ee106a/sp26/class/ee106a-abz/ros_workspaces/lab0/install/bar/share/ament_index/resource_index/packages\n'}
[1.358947] (foo) StdoutLine: {'line': b'creating /home/cc/ee106a/sp26/class/ee106a-abz/ros_workspaces/lab0/install/foo/share/ament_index/resource_index/packages\n'}
[1.360592] (foo) StdoutLine: {'line': b'copying resource/foo -> /home/cc/ee106a/sp26/class/ee106a-abz/ros_workspaces/lab0/install/foo/share/ament_index/resource_index/packages\n'}
[1.362588] (bar) StdoutLine: {'line': b'copying package.xml -> /home/cc/ee106a/sp26/class/ee106a-abz/ros_workspaces/lab0/install/bar/share/bar\n'}
[1.363880] (foo) StdoutLine: {'line': b'copying package.xml -> /home/cc/ee106a/sp26/class/ee106a-abz/ros_workspaces/lab0/install/foo/share/foo\n'}
[1.366631] (bar) StdoutLine: {'line': b'running install_egg_info\n'}
[1.367179] (foo) StdoutLine: {'line': b'running install_egg_info\n'}
[1.371148] (bar) StdoutLine: {'line': b'Copying ../../build/bar/bar.egg-info to /home/cc/ee106a/sp26/class/ee106a-abz/ros_workspaces/lab0/install/bar/lib/python3.10/site-packages/bar-0.0.0-py3.10.egg-info\n'}
[1.372525] (foo) StdoutLine: {'line': b'Copying ../../build/foo/foo.egg-info to /home/cc/ee106a/sp26/class/ee106a-abz/ros_workspaces/lab0/install/foo/lib/python3.10/site-packages/foo-0.0.0-py3.10.egg-info\n'}
[1.404094] (-) TimerEvent: {}
[1.406078] (bar) StdoutLine: {'line': b'running install_scripts\n'}
[1.406679] (foo) StdoutLine: {'line': b'running install_scripts\n'}
[1.436070] (foo) StdoutLine: {'line': b"writing list of installed files to '/home/cc/ee106a/sp26/class/ee106a-abz/ros_workspaces/lab0/build/foo/install.log'\n"}
[1.437126] (bar) StdoutLine: {'line': b"writing list of installed files to '/home/cc/ee106a/sp26/class/ee106a-abz/ros_workspaces/lab0/build/bar/install.log'\n"}
[1.454053] (bar) CommandEnded: {'returncode': 0}
[1.504345] (bar) JobEnded: {'identifier': 'bar', 'rc': 0}
[1.510663] (-) TimerEvent: {}
[1.510838] (foo) CommandEnded: {'returncode': 0}
[1.553008] (foo) JobEnded: {'identifier': 'foo', 'rc': 0}
[1.556899] (-) EventReactorShutdown: {}
