[0.728s] Invoking command in '/home/cc/ee106a/sp26/class/ee106a-abz/ros_workspaces/lab1/src/chatter': PYTHONPATH=/home/cc/ee106a/sp26/class/ee106a-abz/ros_workspaces/lab1/build/chatter/prefix_override:/usr/lib/python3/dist-packages/colcon_core/task/python/colcon_distutils_commands:/home/cc/ee106a/sp26/class/ee106a-abz/ros_workspaces/lab1/install/chatter/lib/python3.10/site-packages:${PYTHONPATH} /usr/bin/python3 -W ignore:setup.py install is deprecated -W ignore:easy_install command is deprecated setup.py egg_info --egg-base ../../build/chatter build --build-base /home/cc/ee106a/sp26/class/ee106a-abz/ros_workspaces/lab1/build/chatter/build install --record /home/cc/ee106a/sp26/class/ee106a-abz/ros_workspaces/lab1/build/chatter/install.log --single-version-externally-managed install_data
[0.961s] running egg_info
[0.962s] writing ../../build/chatter/chatter.egg-info/PKG-INFO
[0.968s] writing dependency_links to ../../build/chatter/chatter.egg-info/dependency_links.txt
[0.968s] writing entry points to ../../build/chatter/chatter.egg-info/entry_points.txt
[0.970s] writing requirements to ../../build/chatter/chatter.egg-info/requires.txt
[0.972s] writing top-level names to ../../build/chatter/chatter.egg-info/top_level.txt
[0.977s] reading manifest file '../../build/chatter/chatter.egg-info/SOURCES.txt'
[0.980s] writing manifest file '../../build/chatter/chatter.egg-info/SOURCES.txt'
[0.981s] running build
[0.981s] running build_py
[0.983s] running install
[0.984s] running install_lib
[0.988s] running install_data
[0.990s] running install_egg_info
[0.992s] removing '/home/cc/ee106a/sp26/class/ee106a-abz/ros_workspaces/lab1/install/chatter/lib/python3.10/site-packages/chatter-0.0.0-py3.10.egg-info' (and everything under it)
[0.998s] Copying ../../build/chatter/chatter.egg-info to /home/cc/ee106a/sp26/class/ee106a-abz/ros_workspaces/lab1/install/chatter/lib/python3.10/site-packages/chatter-0.0.0-py3.10.egg-info
[1.027s] running install_scripts
[1.051s] Installing listener script to /home/cc/ee106a/sp26/class/ee106a-abz/ros_workspaces/lab1/install/chatter/lib/chatter
[1.054s] Installing talker script to /home/cc/ee106a/sp26/class/ee106a-abz/ros_workspaces/lab1/install/chatter/lib/chatter
[1.056s] writing list of installed files to '/home/cc/ee106a/sp26/class/ee106a-abz/ros_workspaces/lab1/build/chatter/install.log'
[1.248s] Invoked command in '/home/cc/ee106a/sp26/class/ee106a-abz/ros_workspaces/lab1/src/chatter' returned '0': PYTHONPATH=/home/cc/ee106a/sp26/class/ee106a-abz/ros_workspaces/lab1/build/chatter/prefix_override:/usr/lib/python3/dist-packages/colcon_core/task/python/colcon_distutils_commands:/home/cc/ee106a/sp26/class/ee106a-abz/ros_workspaces/lab1/install/chatter/lib/python3.10/site-packages:${PYTHONPATH} /usr/bin/python3 -W ignore:setup.py install is deprecated -W ignore:easy_install command is deprecated setup.py egg_info --egg-base ../../build/chatter build --build-base /home/cc/ee106a/sp26/class/ee106a-abz/ros_workspaces/lab1/build/chatter/build install --record /home/cc/ee106a/sp26/class/ee106a-abz/ros_workspaces/lab1/build/chatter/install.log --single-version-externally-managed install_data
