[0.660s] Invoking command in '/home/cc/ee106a/sp26/class/ee106a-abz/ros_workspaces/lab1/src/my_chatter': AMENT_PREFIX_PATH=/home/cc/ee106a/sp26/class/ee106a-abz/ros_workspaces/lab1/install/my_chatter_msgs:${AMENT_PREFIX_PATH} CMAKE_PREFIX_PATH=/home/cc/ee106a/sp26/class/ee106a-abz/ros_workspaces/lab1/install/my_chatter_msgs LD_LIBRARY_PATH=/home/cc/ee106a/sp26/class/ee106a-abz/ros_workspaces/lab1/install/my_chatter_msgs/lib:${LD_LIBRARY_PATH} PYTHONPATH=/home/cc/ee106a/sp26/class/ee106a-abz/ros_workspaces/lab1/build/my_chatter/prefix_override:/usr/lib/python3/dist-packages/colcon_core/task/python/colcon_distutils_commands:/home/cc/ee106a/sp26/class/ee106a-abz/ros_workspaces/lab1/install/my_chatter/lib/python3.10/site-packages:/home/cc/ee106a/sp26/class/ee106a-abz/ros_workspaces/lab1/install/my_chatter_msgs/local/lib/python3.10/dist-packages:${PYTHONPATH} /usr/bin/python3 -W ignore:setup.py install is deprecated -W ignore:easy_install command is deprecated setup.py egg_info --egg-base ../../build/my_chatter build --build-base /home/cc/ee106a/sp26/class/ee106a-abz/ros_workspaces/lab1/build/my_chatter/build install --record /home/cc/ee106a/sp26/class/ee106a-abz/ros_workspaces/lab1/build/my_chatter/install.log --single-version-externally-managed install_data
[0.844s] running egg_info
[0.845s] creating ../../build/my_chatter/my_chatter.egg-info
[0.847s] writing ../../build/my_chatter/my_chatter.egg-info/PKG-INFO
[0.853s] writing dependency_links to ../../build/my_chatter/my_chatter.egg-info/dependency_links.txt
[0.856s] writing entry points to ../../build/my_chatter/my_chatter.egg-info/entry_points.txt
[0.857s] writing requirements to ../../build/my_chatter/my_chatter.egg-info/requires.txt
[0.859s] writing top-level names to ../../build/my_chatter/my_chatter.egg-info/top_level.txt
[0.861s] writing manifest file '../../build/my_chatter/my_chatter.egg-info/SOURCES.txt'
[0.868s] reading manifest file '../../build/my_chatter/my_chatter.egg-info/SOURCES.txt'
[0.871s] writing manifest file '../../build/my_chatter/my_chatter.egg-info/SOURCES.txt'
[0.872s] running build
[0.872s] running build_py
[0.874s] creating /home/cc/ee106a/sp26/class/ee106a-abz/ros_workspaces/lab1/build/my_chatter/build
[0.874s] creating /home/cc/ee106a/sp26/class/ee106a-abz/ros_workspaces/lab1/build/my_chatter/build/lib
[0.874s] creating /home/cc/ee106a/sp26/class/ee106a-abz/ros_workspaces/lab1/build/my_chatter/build/lib/my_chatter
[0.876s] copying my_chatter/__init__.py -> /home/cc/ee106a/sp26/class/ee106a-abz/ros_workspaces/lab1/build/my_chatter/build/lib/my_chatter
[0.880s] copying my_chatter/my_publisher.py -> /home/cc/ee106a/sp26/class/ee106a-abz/ros_workspaces/lab1/build/my_chatter/build/lib/my_chatter
[0.883s] copying my_chatter/my_subscriber.py -> /home/cc/ee106a/sp26/class/ee106a-abz/ros_workspaces/lab1/build/my_chatter/build/lib/my_chatter
[0.887s] running install
[0.888s] running install_lib
[0.891s] creating /home/cc/ee106a/sp26/class/ee106a-abz/ros_workspaces/lab1/install/my_chatter/lib/python3.10/site-packages/my_chatter
[0.893s] copying /home/cc/ee106a/sp26/class/ee106a-abz/ros_workspaces/lab1/build/my_chatter/build/lib/my_chatter/__init__.py -> /home/cc/ee106a/sp26/class/ee106a-abz/ros_workspaces/lab1/install/my_chatter/lib/python3.10/site-packages/my_chatter
[0.896s] copying /home/cc/ee106a/sp26/class/ee106a-abz/ros_workspaces/lab1/build/my_chatter/build/lib/my_chatter/my_publisher.py -> /home/cc/ee106a/sp26/class/ee106a-abz/ros_workspaces/lab1/install/my_chatter/lib/python3.10/site-packages/my_chatter
[0.901s] copying /home/cc/ee106a/sp26/class/ee106a-abz/ros_workspaces/lab1/build/my_chatter/build/lib/my_chatter/my_subscriber.py -> /home/cc/ee106a/sp26/class/ee106a-abz/ros_workspaces/lab1/install/my_chatter/lib/python3.10/site-packages/my_chatter
[0.907s] byte-compiling /home/cc/ee106a/sp26/class/ee106a-abz/ros_workspaces/lab1/install/my_chatter/lib/python3.10/site-packages/my_chatter/__init__.py to __init__.cpython-310.pyc
[0.911s] byte-compiling /home/cc/ee106a/sp26/class/ee106a-abz/ros_workspaces/lab1/install/my_chatter/lib/python3.10/site-packages/my_chatter/my_publisher.py to my_publisher.cpython-310.pyc
[0.917s] byte-compiling /home/cc/ee106a/sp26/class/ee106a-abz/ros_workspaces/lab1/install/my_chatter/lib/python3.10/site-packages/my_chatter/my_subscriber.py to my_subscriber.cpython-310.pyc
[0.922s] running install_data
[0.923s] creating /home/cc/ee106a/sp26/class/ee106a-abz/ros_workspaces/lab1/install/my_chatter/share/ament_index
[0.924s] creating /home/cc/ee106a/sp26/class/ee106a-abz/ros_workspaces/lab1/install/my_chatter/share/ament_index/resource_index
[0.924s] creating /home/cc/ee106a/sp26/class/ee106a-abz/ros_workspaces/lab1/install/my_chatter/share/ament_index/resource_index/packages
[0.926s] copying resource/my_chatter -> /home/cc/ee106a/sp26/class/ee106a-abz/ros_workspaces/lab1/install/my_chatter/share/ament_index/resource_index/packages
[0.929s] copying package.xml -> /home/cc/ee106a/sp26/class/ee106a-abz/ros_workspaces/lab1/install/my_chatter/share/my_chatter
[0.932s] running install_egg_info
[0.937s] Copying ../../build/my_chatter/my_chatter.egg-info to /home/cc/ee106a/sp26/class/ee106a-abz/ros_workspaces/lab1/install/my_chatter/lib/python3.10/site-packages/my_chatter-0.0.0-py3.10.egg-info
[0.968s] running install_scripts
[0.996s] writing list of installed files to '/home/cc/ee106a/sp26/class/ee106a-abz/ros_workspaces/lab1/build/my_chatter/install.log'
[1.010s] Invoked command in '/home/cc/ee106a/sp26/class/ee106a-abz/ros_workspaces/lab1/src/my_chatter' returned '0': AMENT_PREFIX_PATH=/home/cc/ee106a/sp26/class/ee106a-abz/ros_workspaces/lab1/install/my_chatter_msgs:${AMENT_PREFIX_PATH} CMAKE_PREFIX_PATH=/home/cc/ee106a/sp26/class/ee106a-abz/ros_workspaces/lab1/install/my_chatter_msgs LD_LIBRARY_PATH=/home/cc/ee106a/sp26/class/ee106a-abz/ros_workspaces/lab1/install/my_chatter_msgs/lib:${LD_LIBRARY_PATH} PYTHONPATH=/home/cc/ee106a/sp26/class/ee106a-abz/ros_workspaces/lab1/build/my_chatter/prefix_override:/usr/lib/python3/dist-packages/colcon_core/task/python/colcon_distutils_commands:/home/cc/ee106a/sp26/class/ee106a-abz/ros_workspaces/lab1/install/my_chatter/lib/python3.10/site-packages:/home/cc/ee106a/sp26/class/ee106a-abz/ros_workspaces/lab1/install/my_chatter_msgs/local/lib/python3.10/dist-packages:${PYTHONPATH} /usr/bin/python3 -W ignore:setup.py install is deprecated -W ignore:easy_install command is deprecated setup.py egg_info --egg-base ../../build/my_chatter build --build-base /home/cc/ee106a/sp26/class/ee106a-abz/ros_workspaces/lab1/build/my_chatter/build install --record /home/cc/ee106a/sp26/class/ee106a-abz/ros_workspaces/lab1/build/my_chatter/install.log --single-version-externally-managed install_data
