[1.111s] Invoking command in '/home/cc/ee106a/sp26/class/ee106a-abz/ros_workspaces/lab0/src/bar': PYTHONPATH=/home/cc/ee106a/sp26/class/ee106a-abz/ros_workspaces/lab0/build/bar/prefix_override:/usr/lib/python3/dist-packages/colcon_core/task/python/colcon_distutils_commands:/home/cc/ee106a/sp26/class/ee106a-abz/ros_workspaces/lab0/install/bar/lib/python3.10/site-packages:${PYTHONPATH} /usr/bin/python3 -W ignore:setup.py install is deprecated -W ignore:easy_install command is deprecated setup.py egg_info --egg-base ../../build/bar build --build-base /home/cc/ee106a/sp26/class/ee106a-abz/ros_workspaces/lab0/build/bar/build install --record /home/cc/ee106a/sp26/class/ee106a-abz/ros_workspaces/lab0/build/bar/install.log --single-version-externally-managed install_data
[1.308s] running egg_info
[1.309s] creating ../../build/bar/bar.egg-info
[1.310s] writing ../../build/bar/bar.egg-info/PKG-INFO
[1.314s] writing dependency_links to ../../build/bar/bar.egg-info/dependency_links.txt
[1.316s] writing entry points to ../../build/bar/bar.egg-info/entry_points.txt
[1.319s] writing requirements to ../../build/bar/bar.egg-info/requires.txt
[1.320s] writing top-level names to ../../build/bar/bar.egg-info/top_level.txt
[1.322s] writing manifest file '../../build/bar/bar.egg-info/SOURCES.txt'
[1.328s] reading manifest file '../../build/bar/bar.egg-info/SOURCES.txt'
[1.331s] writing manifest file '../../build/bar/bar.egg-info/SOURCES.txt'
[1.332s] running build
[1.332s] running build_py
[1.333s] creating /home/cc/ee106a/sp26/class/ee106a-abz/ros_workspaces/lab0/build/bar/build
[1.334s] creating /home/cc/ee106a/sp26/class/ee106a-abz/ros_workspaces/lab0/build/bar/build/lib
[1.335s] creating /home/cc/ee106a/sp26/class/ee106a-abz/ros_workspaces/lab0/build/bar/build/lib/bar
[1.336s] copying bar/__init__.py -> /home/cc/ee106a/sp26/class/ee106a-abz/ros_workspaces/lab0/build/bar/build/lib/bar
[1.340s] running install
[1.341s] running install_lib
[1.344s] creating /home/cc/ee106a/sp26/class/ee106a-abz/ros_workspaces/lab0/install/bar/lib/python3.10/site-packages/bar
[1.345s] copying /home/cc/ee106a/sp26/class/ee106a-abz/ros_workspaces/lab0/build/bar/build/lib/bar/__init__.py -> /home/cc/ee106a/sp26/class/ee106a-abz/ros_workspaces/lab0/install/bar/lib/python3.10/site-packages/bar
[1.351s] byte-compiling /home/cc/ee106a/sp26/class/ee106a-abz/ros_workspaces/lab0/install/bar/lib/python3.10/site-packages/bar/__init__.py to __init__.cpython-310.pyc
[1.355s] running install_data
[1.356s] creating /home/cc/ee106a/sp26/class/ee106a-abz/ros_workspaces/lab0/install/bar/share/ament_index
[1.356s] creating /home/cc/ee106a/sp26/class/ee106a-abz/ros_workspaces/lab0/install/bar/share/ament_index/resource_index
[1.357s] creating /home/cc/ee106a/sp26/class/ee106a-abz/ros_workspaces/lab0/install/bar/share/ament_index/resource_index/packages
[1.359s] copying resource/bar -> /home/cc/ee106a/sp26/class/ee106a-abz/ros_workspaces/lab0/install/bar/share/ament_index/resource_index/packages
[1.362s] copying package.xml -> /home/cc/ee106a/sp26/class/ee106a-abz/ros_workspaces/lab0/install/bar/share/bar
[1.366s] running install_egg_info
[1.371s] Copying ../../build/bar/bar.egg-info to /home/cc/ee106a/sp26/class/ee106a-abz/ros_workspaces/lab0/install/bar/lib/python3.10/site-packages/bar-0.0.0-py3.10.egg-info
[1.406s] running install_scripts
[1.437s] writing list of installed files to '/home/cc/ee106a/sp26/class/ee106a-abz/ros_workspaces/lab0/build/bar/install.log'
[1.454s] Invoked command in '/home/cc/ee106a/sp26/class/ee106a-abz/ros_workspaces/lab0/src/bar' returned '0': PYTHONPATH=/home/cc/ee106a/sp26/class/ee106a-abz/ros_workspaces/lab0/build/bar/prefix_override:/usr/lib/python3/dist-packages/colcon_core/task/python/colcon_distutils_commands:/home/cc/ee106a/sp26/class/ee106a-abz/ros_workspaces/lab0/install/bar/lib/python3.10/site-packages:${PYTHONPATH} /usr/bin/python3 -W ignore:setup.py install is deprecated -W ignore:easy_install command is deprecated setup.py egg_info --egg-base ../../build/bar build --build-base /home/cc/ee106a/sp26/class/ee106a-abz/ros_workspaces/lab0/build/bar/build install --record /home/cc/ee106a/sp26/class/ee106a-abz/ros_workspaces/lab0/build/bar/install.log --single-version-externally-managed install_data
