[0.602s] Invoking command in '/home/cc/ee106a/sp26/class/ee106a-abz/ros_workspaces/lab1/src/my_chatter': AMENT_PREFIX_PATH=/home/cc/ee106a/sp26/class/ee106a-abz/ros_workspaces/lab1/install/my_chatter_msgs:${AMENT_PREFIX_PATH} CMAKE_PREFIX_PATH=/home/cc/ee106a/sp26/class/ee106a-abz/ros_workspaces/lab1/install/my_chatter_msgs LD_LIBRARY_PATH=/home/cc/ee106a/sp26/class/ee106a-abz/ros_workspaces/lab1/install/my_chatter_msgs/lib:${LD_LIBRARY_PATH} PYTHONPATH=/home/cc/ee106a/sp26/class/ee106a-abz/ros_workspaces/lab1/build/my_chatter/prefix_override:/usr/lib/python3/dist-packages/colcon_core/task/python/colcon_distutils_commands:/home/cc/ee106a/sp26/class/ee106a-abz/ros_workspaces/lab1/install/my_chatter/lib/python3.10/site-packages:/home/cc/ee106a/sp26/class/ee106a-abz/ros_workspaces/lab1/install/my_chatter_msgs/local/lib/python3.10/dist-packages:${PYTHONPATH} /usr/bin/python3 -W ignore:setup.py install is deprecated -W ignore:easy_install command is deprecated setup.py egg_info --egg-base ../../build/my_chatter build --build-base /home/cc/ee106a/sp26/class/ee106a-abz/ros_workspaces/lab1/build/my_chatter/build install --record /home/cc/ee106a/sp26/class/ee106a-abz/ros_workspaces/lab1/build/my_chatter/install.log --single-version-externally-managed install_data
[0.793s] running egg_info
[0.794s] writing ../../build/my_chatter/my_chatter.egg-info/PKG-INFO
[0.797s] writing dependency_links to ../../build/my_chatter/my_chatter.egg-info/dependency_links.txt
[0.799s] writing entry points to ../../build/my_chatter/my_chatter.egg-info/entry_points.txt
[0.801s] writing requirements to ../../build/my_chatter/my_chatter.egg-info/requires.txt
[0.803s] writing top-level names to ../../build/my_chatter/my_chatter.egg-info/top_level.txt
[0.808s] reading manifest file '../../build/my_chatter/my_chatter.egg-info/SOURCES.txt'
[0.810s] writing manifest file '../../build/my_chatter/my_chatter.egg-info/SOURCES.txt'
[0.812s] running build
[0.812s] running build_py
[0.815s] running install
[0.815s] running install_lib
[0.819s] running install_data
[0.821s] running install_egg_info
[0.823s] removing '/home/cc/ee106a/sp26/class/ee106a-abz/ros_workspaces/lab1/install/my_chatter/lib/python3.10/site-packages/my_chatter-0.0.0-py3.10.egg-info' (and everything under it)
[0.828s] Copying ../../build/my_chatter/my_chatter.egg-info to /home/cc/ee106a/sp26/class/ee106a-abz/ros_workspaces/lab1/install/my_chatter/lib/python3.10/site-packages/my_chatter-0.0.0-py3.10.egg-info
[0.854s] running install_scripts
[0.885s] Installing listener script to /home/cc/ee106a/sp26/class/ee106a-abz/ros_workspaces/lab1/install/my_chatter/lib/my_chatter
[0.888s] Installing talker script to /home/cc/ee106a/sp26/class/ee106a-abz/ros_workspaces/lab1/install/my_chatter/lib/my_chatter
[0.891s] writing list of installed files to '/home/cc/ee106a/sp26/class/ee106a-abz/ros_workspaces/lab1/build/my_chatter/install.log'
[0.913s] Invoked command in '/home/cc/ee106a/sp26/class/ee106a-abz/ros_workspaces/lab1/src/my_chatter' returned '0': AMENT_PREFIX_PATH=/home/cc/ee106a/sp26/class/ee106a-abz/ros_workspaces/lab1/install/my_chatter_msgs:${AMENT_PREFIX_PATH} CMAKE_PREFIX_PATH=/home/cc/ee106a/sp26/class/ee106a-abz/ros_workspaces/lab1/install/my_chatter_msgs LD_LIBRARY_PATH=/home/cc/ee106a/sp26/class/ee106a-abz/ros_workspaces/lab1/install/my_chatter_msgs/lib:${LD_LIBRARY_PATH} PYTHONPATH=/home/cc/ee106a/sp26/class/ee106a-abz/ros_workspaces/lab1/build/my_chatter/prefix_override:/usr/lib/python3/dist-packages/colcon_core/task/python/colcon_distutils_commands:/home/cc/ee106a/sp26/class/ee106a-abz/ros_workspaces/lab1/install/my_chatter/lib/python3.10/site-packages:/home/cc/ee106a/sp26/class/ee106a-abz/ros_workspaces/lab1/install/my_chatter_msgs/local/lib/python3.10/dist-packages:${PYTHONPATH} /usr/bin/python3 -W ignore:setup.py install is deprecated -W ignore:easy_install command is deprecated setup.py egg_info --egg-base ../../build/my_chatter build --build-base /home/cc/ee106a/sp26/class/ee106a-abz/ros_workspaces/lab1/build/my_chatter/build install --record /home/cc/ee106a/sp26/class/ee106a-abz/ros_workspaces/lab1/build/my_chatter/install.log --single-version-externally-managed install_data
